[2021-07-15 15:59:01] local.ERROR: PDOException: SQLSTATE[HY000] [2002] No such file or directory in /home/adesanoye/lampstack/frameworks/dailycare/vendor/laravel/framework/src/Illuminate/Database/Connectors/Connector.php:55
Stack trace:
#0 /home/adesanoye/lampstack/frameworks/dailycare/vendor/laravel/framework/src/Illuminate/Database/Connectors/Connector.php(55): PDO->__construct()
#1 /home/adesanoye/lampstack/frameworks/dailycare/vendor/laravel/framework/src/Illuminate/Database/Connectors/MySqlConnector.php(24): Illuminate\Database\Connectors\Connector->createConnection()
#2 /home/adesanoye/lampstack/frameworks/dailycare/vendor/laravel/framework/src/Illuminate/Database/Connectors/ConnectionFactory.php(61): Illuminate\Database\Connectors\MySqlConnector->connect()
#3 [internal function]: Illuminate\Database\Connectors\ConnectionFactory->Illuminate\Database\Connectors\{closure}()
#4 /home/adesanoye/lampstack/frameworks/dailycare/vendor/laravel/framework/src/Illuminate/Database/Connection.php(864): call_user_func()
#5 /home/adesanoye/lampstack/frameworks/dailycare/vendor/laravel/framework/src/Illuminate/Database/Connection.php(732): Illuminate\Database\Connection->getPdo()
#6 /home/adesanoye/lampstack/frameworks/dailycare/vendor/laravel/framework/src/Illuminate/Database/Connection.php(621): Illuminate\Database\Connection->reconnectIfMissingConnection()
#7 /home/adesanoye/lampstack/frameworks/dailycare/vendor/laravel/framework/src/Illuminate/Database/Connection.php(342): Illuminate\Database\Connection->run()
#8 /home/adesanoye/lampstack/frameworks/dailycare/vendor/laravel/framework/src/Illuminate/Database/Query/Builder.php(1461): Illuminate\Database\Connection->select()
#9 /home/adesanoye/lampstack/frameworks/dailycare/vendor/laravel/framework/src/Illuminate/Database/Query/Builder.php(1447): Illuminate\Database\Query\Builder->runSelect()
#10 /home/adesanoye/lampstack/frameworks/dailycare/app/Http/Controllers/NotificationController.php(26): Illuminate\Database\Query\Builder->get()
#11 /home/adesanoye/lampstack/frameworks/dailycare/app/Http/Controllers/NotificationController.php(106): App\Http\Controllers\NotificationController->all()
#12 /home/adesanoye/lampstack/frameworks/dailycare/app/Http/Middleware/Notificationmiddleware.php(20): App\Http\Controllers\NotificationController->getpushednotification()
#13 [internal function]: App\Http\Middleware\Notificationmiddleware->handle()
#14 /home/adesanoye/lampstack/frameworks/dailycare/vendor/laravel/framework/src/Illuminate/Pipeline/Pipeline.php(124): call_user_func_array()
#15 [internal function]: Illuminate\Pipeline\Pipeline->Illuminate\Pipeline\{closure}()
#16 /home/adesanoye/lampstack/frameworks/dailycare/vendor/laravel/framework/src/Illuminate/Routing/Pipeline.php(32): call_user_func()
#17 /home/adesanoye/lampstack/frameworks/dailycare/vendor/laravel/framework/src/Illuminate/Foundation/Http/Middleware/VerifyCsrfToken.php(64): Illuminate\Routing\Pipeline->Illuminate\Routing\{closure}()
#18 [internal function]: Illuminate\Foundation\Http\Middleware\VerifyCsrfToken->handle()
#19 /home/adesanoye/lampstack/frameworks/dailycare/vendor/laravel/framework/src/Illuminate/Pipeline/Pipeline.php(124): call_user_func_array()
#20 [internal function]: Illuminate\Pipeline\Pipeline->Illuminate\Pipeline\{closure}()
#21 /home/adesanoye/lampstack/frameworks/dailycare/vendor/laravel/framework/src/Illuminate/Routing/Pipeline.php(32): call_user_func()
#22 /home/adesanoye/lampstack/frameworks/dailycare/vendor/laravel/framework/src/Illuminate/View/Middleware/ShareErrorsFromSession.php(49): Illuminate\Routing\Pipeline->Illuminate\Routing\{closure}()
#23 [internal function]: Illuminate\View\Middleware\ShareErrorsFromSession->handle()
#24 /home/adesanoye/lampstack/frameworks/dailycare/vendor/laravel/framework/src/Illuminate/Pipeline/Pipeline.php(124): call_user_func_array()
#25 [internal function]: Illuminate\Pipeline\Pipeline->Illuminate\Pipeline\{closure}()
#26 /home/adesanoye/lampstack/frameworks/dailycare/vendor/laravel/framework/src/Illuminate/Routing/Pipeline.php(32): call_user_func()
#27 /home/adesanoye/lampstack/frameworks/dailycare/vendor/laravel/framework/src/Illuminate/Session/Middleware/StartSession.php(62): Illuminate\Routing\Pipeline->Illuminate\Routing\{closure}()
#28 [internal function]: Illuminate\Session\Middleware\StartSession->handle()
#29 /home/adesanoye/lampstack/frameworks/dailycare/vendor/laravel/framework/src/Illuminate/Pipeline/Pipeline.php(124): call_user_func_array()
#30 [internal function]: Illuminate\Pipeline\Pipeline->Illuminate\Pipeline\{closure}()
#31 /home/adesanoye/lampstack/frameworks/dailycare/vendor/laravel/framework/src/Illuminate/Routing/Pipeline.php(32): call_user_func()
#32 /home/adesanoye/lampstack/frameworks/dailycare/vendor/laravel/framework/src/Illuminate/Cookie/Middleware/AddQueuedCookiesToResponse.php(37): Illuminate\Routing\Pipeline->Illuminate\Routing\{closure}()
#33 [internal function]: Illuminate\Cookie\Middleware\AddQueuedCookiesToResponse->handle()
#34 /home/adesanoye/lampstack/frameworks/dailycare/vendor/laravel/framework/src/Illuminate/Pipeline/Pipeline.php(124): call_user_func_array()
#35 [internal function]: Illuminate\Pipeline\Pipeline->Illuminate\Pipeline\{closure}()
#36 /home/adesanoye/lampstack/frameworks/dailycare/vendor/laravel/framework/src/Illuminate/Routing/Pipeline.php(32): call_user_func()
#37 /home/adesanoye/lampstack/frameworks/dailycare/vendor/laravel/framework/src/Illuminate/Cookie/Middleware/EncryptCookies.php(59): Illuminate\Routing\Pipeline->Illuminate\Routing\{closure}()
#38 [internal function]: Illuminate\Cookie\Middleware\EncryptCookies->handle()
#39 /home/adesanoye/lampstack/frameworks/dailycare/vendor/laravel/framework/src/Illuminate/Pipeline/Pipeline.php(124): call_user_func_array()
#40 [internal function]: Illuminate\Pipeline\Pipeline->Illuminate\Pipeline\{closure}()
#41 /home/adesanoye/lampstack/frameworks/dailycare/vendor/laravel/framework/src/Illuminate/Routing/Pipeline.php(32): call_user_func()
#42 [internal function]: Illuminate\Routing\Pipeline->Illuminate\Routing\{closure}()
#43 /home/adesanoye/lampstack/frameworks/dailycare/vendor/laravel/framework/src/Illuminate/Pipeline/Pipeline.php(102): call_user_func()
#44 /home/adesanoye/lampstack/frameworks/dailycare/vendor/laravel/framework/src/Illuminate/Routing/Router.php(726): Illuminate\Pipeline\Pipeline->then()
#45 /home/adesanoye/lampstack/frameworks/dailycare/vendor/laravel/framework/src/Illuminate/Routing/Router.php(699): Illuminate\Routing\Router->runRouteWithinStack()
#46 /home/adesanoye/lampstack/frameworks/dailycare/vendor/laravel/framework/src/Illuminate/Routing/Router.php(675): Illuminate\Routing\Router->dispatchToRoute()
#47 /home/adesanoye/lampstack/frameworks/dailycare/vendor/laravel/framework/src/Illuminate/Foundation/Http/Kernel.php(246): Illuminate\Routing\Router->dispatch()
#48 [internal function]: Illuminate\Foundation\Http\Kernel->Illuminate\Foundation\Http\{closure}()
#49 /home/adesanoye/lampstack/frameworks/dailycare/vendor/laravel/framework/src/Illuminate/Routing/Pipeline.php(52): call_user_func()
#50 /home/adesanoye/lampstack/frameworks/dailycare/vendor/barryvdh/laravel-cors/src/HandleCors.php(34): Illuminate\Routing\Pipeline->Illuminate\Routing\{closure}()
#51 [internal function]: Barryvdh\Cors\HandleCors->handle()
#52 /home/adesanoye/lampstack/frameworks/dailycare/vendor/laravel/framework/src/Illuminate/Pipeline/Pipeline.php(124): call_user_func_array()
#53 [internal function]: Illuminate\Pipeline\Pipeline->Illuminate\Pipeline\{closure}()
#54 /home/adesanoye/lampstack/frameworks/dailycare/vendor/laravel/framework/src/Illuminate/Routing/Pipeline.php(32): call_user_func()
#55 /home/adesanoye/lampstack/frameworks/dailycare/vendor/laravel/framework/src/Illuminate/Foundation/Http/Middleware/CheckForMaintenanceMode.php(44): Illuminate\Routing\Pipeline->Illuminate\Routing\{closure}()
#56 [internal function]: Illuminate\Foundation\Http\Middleware\CheckForMaintenanceMode->handle()
#57 /home/adesanoye/lampstack/frameworks/dailycare/vendor/laravel/framework/src/Illuminate/Pipeline/Pipeline.php(124): call_user_func_array()
#58 [internal function]: Illuminate\Pipeline\Pipeline->Illuminate\Pipeline\{closure}()
#59 /home/adesanoye/lampstack/frameworks/dailycare/vendor/laravel/framework/src/Illuminate/Routing/Pipeline.php(32): call_user_func()
#60 [internal function]: Illuminate\Routing\Pipeline->Illuminate\Routing\{closure}()
#61 /home/adesanoye/lampstack/frameworks/dailycare/vendor/laravel/framework/src/Illuminate/Pipeline/Pipeline.php(102): call_user_func()
#62 /home/adesanoye/lampstack/frameworks/dailycare/vendor/laravel/framework/src/Illuminate/Foundation/Http/Kernel.php(132): Illuminate\Pipeline\Pipeline->then()
#63 /home/adesanoye/lampstack/frameworks/dailycare/vendor/laravel/framework/src/Illuminate/Foundation/Http/Kernel.php(99): Illuminate\Foundation\Http\Kernel->sendRequestThroughRouter()
#64 /home/adesanoye/lampstack/frameworks/dailycare/public/index.php(53): Illuminate\Foundation\Http\Kernel->handle()
#65 /home/adesanoye/lampstack/frameworks/dailycare/server.php(21): require_once('/home/adesanoye...')
#66 {main}  
[2021-07-15 15:59:11] local.ERROR: PDOException: SQLSTATE[HY000] [2002] No such file or directory in /home/adesanoye/lampstack/frameworks/dailycare/vendor/laravel/framework/src/Illuminate/Database/Connectors/Connector.php:55
Stack trace:
#0 /home/adesanoye/lampstack/frameworks/dailycare/vendor/laravel/framework/src/Illuminate/Database/Connectors/Connector.php(55): PDO->__construct()
#1 /home/adesanoye/lampstack/frameworks/dailycare/vendor/laravel/framework/src/Illuminate/Database/Connectors/MySqlConnector.php(24): Illuminate\Database\Connectors\Connector->createConnection()
#2 /home/adesanoye/lampstack/frameworks/dailycare/vendor/laravel/framework/src/Illuminate/Database/Connectors/ConnectionFactory.php(61): Illuminate\Database\Connectors\MySqlConnector->connect()
#3 [internal function]: Illuminate\Database\Connectors\ConnectionFactory->Illuminate\Database\Connectors\{closure}()
#4 /home/adesanoye/lampstack/frameworks/dailycare/vendor/laravel/framework/src/Illuminate/Database/Connection.php(864): call_user_func()
#5 /home/adesanoye/lampstack/frameworks/dailycare/vendor/laravel/framework/src/Illuminate/Database/Connection.php(732): Illuminate\Database\Connection->getPdo()
#6 /home/adesanoye/lampstack/frameworks/dailycare/vendor/laravel/framework/src/Illuminate/Database/Connection.php(621): Illuminate\Database\Connection->reconnectIfMissingConnection()
#7 /home/adesanoye/lampstack/frameworks/dailycare/vendor/laravel/framework/src/Illuminate/Database/Connection.php(342): Illuminate\Database\Connection->run()
#8 /home/adesanoye/lampstack/frameworks/dailycare/vendor/laravel/framework/src/Illuminate/Database/Query/Builder.php(1461): Illuminate\Database\Connection->select()
#9 /home/adesanoye/lampstack/frameworks/dailycare/vendor/laravel/framework/src/Illuminate/Database/Query/Builder.php(1447): Illuminate\Database\Query\Builder->runSelect()
#10 /home/adesanoye/lampstack/frameworks/dailycare/app/Http/Controllers/NotificationController.php(26): Illuminate\Database\Query\Builder->get()
#11 /home/adesanoye/lampstack/frameworks/dailycare/app/Http/Controllers/NotificationController.php(106): App\Http\Controllers\NotificationController->all()
#12 /home/adesanoye/lampstack/frameworks/dailycare/app/Http/Middleware/Notificationmiddleware.php(20): App\Http\Controllers\NotificationController->getpushednotification()
#13 [internal function]: App\Http\Middleware\Notificationmiddleware->handle()
#14 /home/adesanoye/lampstack/frameworks/dailycare/vendor/laravel/framework/src/Illuminate/Pipeline/Pipeline.php(124): call_user_func_array()
#15 [internal function]: Illuminate\Pipeline\Pipeline->Illuminate\Pipeline\{closure}()
#16 /home/adesanoye/lampstack/frameworks/dailycare/vendor/laravel/framework/src/Illuminate/Routing/Pipeline.php(32): call_user_func()
#17 /home/adesanoye/lampstack/frameworks/dailycare/vendor/laravel/framework/src/Illuminate/Foundation/Http/Middleware/VerifyCsrfToken.php(64): Illuminate\Routing\Pipeline->Illuminate\Routing\{closure}()
#18 [internal function]: Illuminate\Foundation\Http\Middleware\VerifyCsrfToken->handle()
#19 /home/adesanoye/lampstack/frameworks/dailycare/vendor/laravel/framework/src/Illuminate/Pipeline/Pipeline.php(124): call_user_func_array()
#20 [internal function]: Illuminate\Pipeline\Pipeline->Illuminate\Pipeline\{closure}()
#21 /home/adesanoye/lampstack/frameworks/dailycare/vendor/laravel/framework/src/Illuminate/Routing/Pipeline.php(32): call_user_func()
#22 /home/adesanoye/lampstack/frameworks/dailycare/vendor/laravel/framework/src/Illuminate/View/Middleware/ShareErrorsFromSession.php(49): Illuminate\Routing\Pipeline->Illuminate\Routing\{closure}()
#23 [internal function]: Illuminate\View\Middleware\ShareErrorsFromSession->handle()
#24 /home/adesanoye/lampstack/frameworks/dailycare/vendor/laravel/framework/src/Illuminate/Pipeline/Pipeline.php(124): call_user_func_array()
#25 [internal function]: Illuminate\Pipeline\Pipeline->Illuminate\Pipeline\{closure}()
#26 /home/adesanoye/lampstack/frameworks/dailycare/vendor/laravel/framework/src/Illuminate/Routing/Pipeline.php(32): call_user_func()
#27 /home/adesanoye/lampstack/frameworks/dailycare/vendor/laravel/framework/src/Illuminate/Session/Middleware/StartSession.php(62): Illuminate\Routing\Pipeline->Illuminate\Routing\{closure}()
#28 [internal function]: Illuminate\Session\Middleware\StartSession->handle()
#29 /home/adesanoye/lampstack/frameworks/dailycare/vendor/laravel/framework/src/Illuminate/Pipeline/Pipeline.php(124): call_user_func_array()
#30 [internal function]: Illuminate\Pipeline\Pipeline->Illuminate\Pipeline\{closure}()
#31 /home/adesanoye/lampstack/frameworks/dailycare/vendor/laravel/framework/src/Illuminate/Routing/Pipeline.php(32): call_user_func()
#32 /home/adesanoye/lampstack/frameworks/dailycare/vendor/laravel/framework/src/Illuminate/Cookie/Middleware/AddQueuedCookiesToResponse.php(37): Illuminate\Routing\Pipeline->Illuminate\Routing\{closure}()
#33 [internal function]: Illuminate\Cookie\Middleware\AddQueuedCookiesToResponse->handle()
#34 /home/adesanoye/lampstack/frameworks/dailycare/vendor/laravel/framework/src/Illuminate/Pipeline/Pipeline.php(124): call_user_func_array()
#35 [internal function]: Illuminate\Pipeline\Pipeline->Illuminate\Pipeline\{closure}()
#36 /home/adesanoye/lampstack/frameworks/dailycare/vendor/laravel/framework/src/Illuminate/Routing/Pipeline.php(32): call_user_func()
#37 /home/adesanoye/lampstack/frameworks/dailycare/vendor/laravel/framework/src/Illuminate/Cookie/Middleware/EncryptCookies.php(59): Illuminate\Routing\Pipeline->Illuminate\Routing\{closure}()
#38 [internal function]: Illuminate\Cookie\Middleware\EncryptCookies->handle()
#39 /home/adesanoye/lampstack/frameworks/dailycare/vendor/laravel/framework/src/Illuminate/Pipeline/Pipeline.php(124): call_user_func_array()
#40 [internal function]: Illuminate\Pipeline\Pipeline->Illuminate\Pipeline\{closure}()
#41 /home/adesanoye/lampstack/frameworks/dailycare/vendor/laravel/framework/src/Illuminate/Routing/Pipeline.php(32): call_user_func()
#42 [internal function]: Illuminate\Routing\Pipeline->Illuminate\Routing\{closure}()
#43 /home/adesanoye/lampstack/frameworks/dailycare/vendor/laravel/framework/src/Illuminate/Pipeline/Pipeline.php(102): call_user_func()
#44 /home/adesanoye/lampstack/frameworks/dailycare/vendor/laravel/framework/src/Illuminate/Routing/Router.php(726): Illuminate\Pipeline\Pipeline->then()
#45 /home/adesanoye/lampstack/frameworks/dailycare/vendor/laravel/framework/src/Illuminate/Routing/Router.php(699): Illuminate\Routing\Router->runRouteWithinStack()
#46 /home/adesanoye/lampstack/frameworks/dailycare/vendor/laravel/framework/src/Illuminate/Routing/Router.php(675): Illuminate\Routing\Router->dispatchToRoute()
#47 /home/adesanoye/lampstack/frameworks/dailycare/vendor/laravel/framework/src/Illuminate/Foundation/Http/Kernel.php(246): Illuminate\Routing\Router->dispatch()
#48 [internal function]: Illuminate\Foundation\Http\Kernel->Illuminate\Foundation\Http\{closure}()
#49 /home/adesanoye/lampstack/frameworks/dailycare/vendor/laravel/framework/src/Illuminate/Routing/Pipeline.php(52): call_user_func()
#50 /home/adesanoye/lampstack/frameworks/dailycare/vendor/barryvdh/laravel-cors/src/HandleCors.php(34): Illuminate\Routing\Pipeline->Illuminate\Routing\{closure}()
#51 [internal function]: Barryvdh\Cors\HandleCors->handle()
#52 /home/adesanoye/lampstack/frameworks/dailycare/vendor/laravel/framework/src/Illuminate/Pipeline/Pipeline.php(124): call_user_func_array()
#53 [internal function]: Illuminate\Pipeline\Pipeline->Illuminate\Pipeline\{closure}()
#54 /home/adesanoye/lampstack/frameworks/dailycare/vendor/laravel/framework/src/Illuminate/Routing/Pipeline.php(32): call_user_func()
#55 /home/adesanoye/lampstack/frameworks/dailycare/vendor/laravel/framework/src/Illuminate/Foundation/Http/Middleware/CheckForMaintenanceMode.php(44): Illuminate\Routing\Pipeline->Illuminate\Routing\{closure}()
#56 [internal function]: Illuminate\Foundation\Http\Middleware\CheckForMaintenanceMode->handle()
#57 /home/adesanoye/lampstack/frameworks/dailycare/vendor/laravel/framework/src/Illuminate/Pipeline/Pipeline.php(124): call_user_func_array()
#58 [internal function]: Illuminate\Pipeline\Pipeline->Illuminate\Pipeline\{closure}()
#59 /home/adesanoye/lampstack/frameworks/dailycare/vendor/laravel/framework/src/Illuminate/Routing/Pipeline.php(32): call_user_func()
#60 [internal function]: Illuminate\Routing\Pipeline->Illuminate\Routing\{closure}()
#61 /home/adesanoye/lampstack/frameworks/dailycare/vendor/laravel/framework/src/Illuminate/Pipeline/Pipeline.php(102): call_user_func()
#62 /home/adesanoye/lampstack/frameworks/dailycare/vendor/laravel/framework/src/Illuminate/Foundation/Http/Kernel.php(132): Illuminate\Pipeline\Pipeline->then()
#63 /home/adesanoye/lampstack/frameworks/dailycare/vendor/laravel/framework/src/Illuminate/Foundation/Http/Kernel.php(99): Illuminate\Foundation\Http\Kernel->sendRequestThroughRouter()
#64 /home/adesanoye/lampstack/frameworks/dailycare/public/index.php(53): Illuminate\Foundation\Http\Kernel->handle()
#65 /home/adesanoye/lampstack/frameworks/dailycare/server.php(21): require_once('/home/adesanoye...')
#66 {main}  
[2021-07-15 15:59:50] local.ERROR: PDOException: SQLSTATE[HY000] [2002] No such file or directory in /home/adesanoye/lampstack/frameworks/dailycare/vendor/laravel/framework/src/Illuminate/Database/Connectors/Connector.php:55
Stack trace:
#0 /home/adesanoye/lampstack/frameworks/dailycare/vendor/laravel/framework/src/Illuminate/Database/Connectors/Connector.php(55): PDO->__construct()
#1 /home/adesanoye/lampstack/frameworks/dailycare/vendor/laravel/framework/src/Illuminate/Database/Connectors/MySqlConnector.php(24): Illuminate\Database\Connectors\Connector->createConnection()
#2 /home/adesanoye/lampstack/frameworks/dailycare/vendor/laravel/framework/src/Illuminate/Database/Connectors/ConnectionFactory.php(61): Illuminate\Database\Connectors\MySqlConnector->connect()
#3 [internal function]: Illuminate\Database\Connectors\ConnectionFactory->Illuminate\Database\Connectors\{closure}()
#4 /home/adesanoye/lampstack/frameworks/dailycare/vendor/laravel/framework/src/Illuminate/Database/Connection.php(864): call_user_func()
#5 /home/adesanoye/lampstack/frameworks/dailycare/vendor/laravel/framework/src/Illuminate/Database/Connection.php(732): Illuminate\Database\Connection->getPdo()
#6 /home/adesanoye/lampstack/frameworks/dailycare/vendor/laravel/framework/src/Illuminate/Database/Connection.php(621): Illuminate\Database\Connection->reconnectIfMissingConnection()
#7 /home/adesanoye/lampstack/frameworks/dailycare/vendor/laravel/framework/src/Illuminate/Database/Connection.php(342): Illuminate\Database\Connection->run()
#8 /home/adesanoye/lampstack/frameworks/dailycare/vendor/laravel/framework/src/Illuminate/Database/Query/Builder.php(1461): Illuminate\Database\Connection->select()
#9 /home/adesanoye/lampstack/frameworks/dailycare/vendor/laravel/framework/src/Illuminate/Database/Query/Builder.php(1447): Illuminate\Database\Query\Builder->runSelect()
#10 /home/adesanoye/lampstack/frameworks/dailycare/app/Http/Controllers/NotificationController.php(26): Illuminate\Database\Query\Builder->get()
#11 /home/adesanoye/lampstack/frameworks/dailycare/app/Http/Controllers/NotificationController.php(106): App\Http\Controllers\NotificationController->all()
#12 /home/adesanoye/lampstack/frameworks/dailycare/app/Http/Middleware/Notificationmiddleware.php(20): App\Http\Controllers\NotificationController->getpushednotification()
#13 [internal function]: App\Http\Middleware\Notificationmiddleware->handle()
#14 /home/adesanoye/lampstack/frameworks/dailycare/vendor/laravel/framework/src/Illuminate/Pipeline/Pipeline.php(124): call_user_func_array()
#15 [internal function]: Illuminate\Pipeline\Pipeline->Illuminate\Pipeline\{closure}()
#16 /home/adesanoye/lampstack/frameworks/dailycare/vendor/laravel/framework/src/Illuminate/Routing/Pipeline.php(32): call_user_func()
#17 /home/adesanoye/lampstack/frameworks/dailycare/vendor/laravel/framework/src/Illuminate/Foundation/Http/Middleware/VerifyCsrfToken.php(64): Illuminate\Routing\Pipeline->Illuminate\Routing\{closure}()
#18 [internal function]: Illuminate\Foundation\Http\Middleware\VerifyCsrfToken->handle()
#19 /home/adesanoye/lampstack/frameworks/dailycare/vendor/laravel/framework/src/Illuminate/Pipeline/Pipeline.php(124): call_user_func_array()
#20 [internal function]: Illuminate\Pipeline\Pipeline->Illuminate\Pipeline\{closure}()
#21 /home/adesanoye/lampstack/frameworks/dailycare/vendor/laravel/framework/src/Illuminate/Routing/Pipeline.php(32): call_user_func()
#22 /home/adesanoye/lampstack/frameworks/dailycare/vendor/laravel/framework/src/Illuminate/View/Middleware/ShareErrorsFromSession.php(49): Illuminate\Routing\Pipeline->Illuminate\Routing\{closure}()
#23 [internal function]: Illuminate\View\Middleware\ShareErrorsFromSession->handle()
#24 /home/adesanoye/lampstack/frameworks/dailycare/vendor/laravel/framework/src/Illuminate/Pipeline/Pipeline.php(124): call_user_func_array()
#25 [internal function]: Illuminate\Pipeline\Pipeline->Illuminate\Pipeline\{closure}()
#26 /home/adesanoye/lampstack/frameworks/dailycare/vendor/laravel/framework/src/Illuminate/Routing/Pipeline.php(32): call_user_func()
#27 /home/adesanoye/lampstack/frameworks/dailycare/vendor/laravel/framework/src/Illuminate/Session/Middleware/StartSession.php(62): Illuminate\Routing\Pipeline->Illuminate\Routing\{closure}()
#28 [internal function]: Illuminate\Session\Middleware\StartSession->handle()
#29 /home/adesanoye/lampstack/frameworks/dailycare/vendor/laravel/framework/src/Illuminate/Pipeline/Pipeline.php(124): call_user_func_array()
#30 [internal function]: Illuminate\Pipeline\Pipeline->Illuminate\Pipeline\{closure}()
#31 /home/adesanoye/lampstack/frameworks/dailycare/vendor/laravel/framework/src/Illuminate/Routing/Pipeline.php(32): call_user_func()
#32 /home/adesanoye/lampstack/frameworks/dailycare/vendor/laravel/framework/src/Illuminate/Cookie/Middleware/AddQueuedCookiesToResponse.php(37): Illuminate\Routing\Pipeline->Illuminate\Routing\{closure}()
#33 [internal function]: Illuminate\Cookie\Middleware\AddQueuedCookiesToResponse->handle()
#34 /home/adesanoye/lampstack/frameworks/dailycare/vendor/laravel/framework/src/Illuminate/Pipeline/Pipeline.php(124): call_user_func_array()
#35 [internal function]: Illuminate\Pipeline\Pipeline->Illuminate\Pipeline\{closure}()
#36 /home/adesanoye/lampstack/frameworks/dailycare/vendor/laravel/framework/src/Illuminate/Routing/Pipeline.php(32): call_user_func()
#37 /home/adesanoye/lampstack/frameworks/dailycare/vendor/laravel/framework/src/Illuminate/Cookie/Middleware/EncryptCookies.php(59): Illuminate\Routing\Pipeline->Illuminate\Routing\{closure}()
#38 [internal function]: Illuminate\Cookie\Middleware\EncryptCookies->handle()
#39 /home/adesanoye/lampstack/frameworks/dailycare/vendor/laravel/framework/src/Illuminate/Pipeline/Pipeline.php(124): call_user_func_array()
#40 [internal function]: Illuminate\Pipeline\Pipeline->Illuminate\Pipeline\{closure}()
#41 /home/adesanoye/lampstack/frameworks/dailycare/vendor/laravel/framework/src/Illuminate/Routing/Pipeline.php(32): call_user_func()
#42 [internal function]: Illuminate\Routing\Pipeline->Illuminate\Routing\{closure}()
#43 /home/adesanoye/lampstack/frameworks/dailycare/vendor/laravel/framework/src/Illuminate/Pipeline/Pipeline.php(102): call_user_func()
#44 /home/adesanoye/lampstack/frameworks/dailycare/vendor/laravel/framework/src/Illuminate/Routing/Router.php(726): Illuminate\Pipeline\Pipeline->then()
#45 /home/adesanoye/lampstack/frameworks/dailycare/vendor/laravel/framework/src/Illuminate/Routing/Router.php(699): Illuminate\Routing\Router->runRouteWithinStack()
#46 /home/adesanoye/lampstack/frameworks/dailycare/vendor/laravel/framework/src/Illuminate/Routing/Router.php(675): Illuminate\Routing\Router->dispatchToRoute()
#47 /home/adesanoye/lampstack/frameworks/dailycare/vendor/laravel/framework/src/Illuminate/Foundation/Http/Kernel.php(246): Illuminate\Routing\Router->dispatch()
#48 [internal function]: Illuminate\Foundation\Http\Kernel->Illuminate\Foundation\Http\{closure}()
#49 /home/adesanoye/lampstack/frameworks/dailycare/vendor/laravel/framework/src/Illuminate/Routing/Pipeline.php(52): call_user_func()
#50 /home/adesanoye/lampstack/frameworks/dailycare/vendor/barryvdh/laravel-cors/src/HandleCors.php(34): Illuminate\Routing\Pipeline->Illuminate\Routing\{closure}()
#51 [internal function]: Barryvdh\Cors\HandleCors->handle()
#52 /home/adesanoye/lampstack/frameworks/dailycare/vendor/laravel/framework/src/Illuminate/Pipeline/Pipeline.php(124): call_user_func_array()
#53 [internal function]: Illuminate\Pipeline\Pipeline->Illuminate\Pipeline\{closure}()
#54 /home/adesanoye/lampstack/frameworks/dailycare/vendor/laravel/framework/src/Illuminate/Routing/Pipeline.php(32): call_user_func()
#55 /home/adesanoye/lampstack/frameworks/dailycare/vendor/laravel/framework/src/Illuminate/Foundation/Http/Middleware/CheckForMaintenanceMode.php(44): Illuminate\Routing\Pipeline->Illuminate\Routing\{closure}()
#56 [internal function]: Illuminate\Foundation\Http\Middleware\CheckForMaintenanceMode->handle()
#57 /home/adesanoye/lampstack/frameworks/dailycare/vendor/laravel/framework/src/Illuminate/Pipeline/Pipeline.php(124): call_user_func_array()
#58 [internal function]: Illuminate\Pipeline\Pipeline->Illuminate\Pipeline\{closure}()
#59 /home/adesanoye/lampstack/frameworks/dailycare/vendor/laravel/framework/src/Illuminate/Routing/Pipeline.php(32): call_user_func()
#60 [internal function]: Illuminate\Routing\Pipeline->Illuminate\Routing\{closure}()
#61 /home/adesanoye/lampstack/frameworks/dailycare/vendor/laravel/framework/src/Illuminate/Pipeline/Pipeline.php(102): call_user_func()
#62 /home/adesanoye/lampstack/frameworks/dailycare/vendor/laravel/framework/src/Illuminate/Foundation/Http/Kernel.php(132): Illuminate\Pipeline\Pipeline->then()
#63 /home/adesanoye/lampstack/frameworks/dailycare/vendor/laravel/framework/src/Illuminate/Foundation/Http/Kernel.php(99): Illuminate\Foundation\Http\Kernel->sendRequestThroughRouter()
#64 /home/adesanoye/lampstack/frameworks/dailycare/public/index.php(53): Illuminate\Foundation\Http\Kernel->handle()
#65 /home/adesanoye/lampstack/frameworks/dailycare/server.php(21): require_once('/home/adesanoye...')
#66 {main}  
[2021-07-15 16:00:30] local.ERROR: PDOException: SQLSTATE[HY000] [2002] No such file or directory in /home/adesanoye/lampstack/frameworks/dailycare/vendor/laravel/framework/src/Illuminate/Database/Connectors/Connector.php:55
Stack trace:
#0 /home/adesanoye/lampstack/frameworks/dailycare/vendor/laravel/framework/src/Illuminate/Database/Connectors/Connector.php(55): PDO->__construct()
#1 /home/adesanoye/lampstack/frameworks/dailycare/vendor/laravel/framework/src/Illuminate/Database/Connectors/MySqlConnector.php(24): Illuminate\Database\Connectors\Connector->createConnection()
#2 /home/adesanoye/lampstack/frameworks/dailycare/vendor/laravel/framework/src/Illuminate/Database/Connectors/ConnectionFactory.php(61): Illuminate\Database\Connectors\MySqlConnector->connect()
#3 [internal function]: Illuminate\Database\Connectors\ConnectionFactory->Illuminate\Database\Connectors\{closure}()
#4 /home/adesanoye/lampstack/frameworks/dailycare/vendor/laravel/framework/src/Illuminate/Database/Connection.php(864): call_user_func()
#5 /home/adesanoye/lampstack/frameworks/dailycare/vendor/laravel/framework/src/Illuminate/Database/Connection.php(732): Illuminate\Database\Connection->getPdo()
#6 /home/adesanoye/lampstack/frameworks/dailycare/vendor/laravel/framework/src/Illuminate/Database/Connection.php(621): Illuminate\Database\Connection->reconnectIfMissingConnection()
#7 /home/adesanoye/lampstack/frameworks/dailycare/vendor/laravel/framework/src/Illuminate/Database/Connection.php(342): Illuminate\Database\Connection->run()
#8 /home/adesanoye/lampstack/frameworks/dailycare/vendor/laravel/framework/src/Illuminate/Database/Query/Builder.php(1461): Illuminate\Database\Connection->select()
#9 /home/adesanoye/lampstack/frameworks/dailycare/vendor/laravel/framework/src/Illuminate/Database/Query/Builder.php(1447): Illuminate\Database\Query\Builder->runSelect()
#10 /home/adesanoye/lampstack/frameworks/dailycare/app/Http/Controllers/NotificationController.php(26): Illuminate\Database\Query\Builder->get()
#11 /home/adesanoye/lampstack/frameworks/dailycare/app/Http/Controllers/NotificationController.php(106): App\Http\Controllers\NotificationController->all()
#12 /home/adesanoye/lampstack/frameworks/dailycare/app/Http/Middleware/Notificationmiddleware.php(20): App\Http\Controllers\NotificationController->getpushednotification()
#13 [internal function]: App\Http\Middleware\Notificationmiddleware->handle()
#14 /home/adesanoye/lampstack/frameworks/dailycare/vendor/laravel/framework/src/Illuminate/Pipeline/Pipeline.php(124): call_user_func_array()
#15 [internal function]: Illuminate\Pipeline\Pipeline->Illuminate\Pipeline\{closure}()
#16 /home/adesanoye/lampstack/frameworks/dailycare/vendor/laravel/framework/src/Illuminate/Routing/Pipeline.php(32): call_user_func()
#17 /home/adesanoye/lampstack/frameworks/dailycare/vendor/laravel/framework/src/Illuminate/Foundation/Http/Middleware/VerifyCsrfToken.php(64): Illuminate\Routing\Pipeline->Illuminate\Routing\{closure}()
#18 [internal function]: Illuminate\Foundation\Http\Middleware\VerifyCsrfToken->handle()
#19 /home/adesanoye/lampstack/frameworks/dailycare/vendor/laravel/framework/src/Illuminate/Pipeline/Pipeline.php(124): call_user_func_array()
#20 [internal function]: Illuminate\Pipeline\Pipeline->Illuminate\Pipeline\{closure}()
#21 /home/adesanoye/lampstack/frameworks/dailycare/vendor/laravel/framework/src/Illuminate/Routing/Pipeline.php(32): call_user_func()
#22 /home/adesanoye/lampstack/frameworks/dailycare/vendor/laravel/framework/src/Illuminate/View/Middleware/ShareErrorsFromSession.php(49): Illuminate\Routing\Pipeline->Illuminate\Routing\{closure}()
#23 [internal function]: Illuminate\View\Middleware\ShareErrorsFromSession->handle()
#24 /home/adesanoye/lampstack/frameworks/dailycare/vendor/laravel/framework/src/Illuminate/Pipeline/Pipeline.php(124): call_user_func_array()
#25 [internal function]: Illuminate\Pipeline\Pipeline->Illuminate\Pipeline\{closure}()
#26 /home/adesanoye/lampstack/frameworks/dailycare/vendor/laravel/framework/src/Illuminate/Routing/Pipeline.php(32): call_user_func()
#27 /home/adesanoye/lampstack/frameworks/dailycare/vendor/laravel/framework/src/Illuminate/Session/Middleware/StartSession.php(62): Illuminate\Routing\Pipeline->Illuminate\Routing\{closure}()
#28 [internal function]: Illuminate\Session\Middleware\StartSession->handle()
#29 /home/adesanoye/lampstack/frameworks/dailycare/vendor/laravel/framework/src/Illuminate/Pipeline/Pipeline.php(124): call_user_func_array()
#30 [internal function]: Illuminate\Pipeline\Pipeline->Illuminate\Pipeline\{closure}()
#31 /home/adesanoye/lampstack/frameworks/dailycare/vendor/laravel/framework/src/Illuminate/Routing/Pipeline.php(32): call_user_func()
#32 /home/adesanoye/lampstack/frameworks/dailycare/vendor/laravel/framework/src/Illuminate/Cookie/Middleware/AddQueuedCookiesToResponse.php(37): Illuminate\Routing\Pipeline->Illuminate\Routing\{closure}()
#33 [internal function]: Illuminate\Cookie\Middleware\AddQueuedCookiesToResponse->handle()
#34 /home/adesanoye/lampstack/frameworks/dailycare/vendor/laravel/framework/src/Illuminate/Pipeline/Pipeline.php(124): call_user_func_array()
#35 [internal function]: Illuminate\Pipeline\Pipeline->Illuminate\Pipeline\{closure}()
#36 /home/adesanoye/lampstack/frameworks/dailycare/vendor/laravel/framework/src/Illuminate/Routing/Pipeline.php(32): call_user_func()
#37 /home/adesanoye/lampstack/frameworks/dailycare/vendor/laravel/framework/src/Illuminate/Cookie/Middleware/EncryptCookies.php(59): Illuminate\Routing\Pipeline->Illuminate\Routing\{closure}()
#38 [internal function]: Illuminate\Cookie\Middleware\EncryptCookies->handle()
#39 /home/adesanoye/lampstack/frameworks/dailycare/vendor/laravel/framework/src/Illuminate/Pipeline/Pipeline.php(124): call_user_func_array()
#40 [internal function]: Illuminate\Pipeline\Pipeline->Illuminate\Pipeline\{closure}()
#41 /home/adesanoye/lampstack/frameworks/dailycare/vendor/laravel/framework/src/Illuminate/Routing/Pipeline.php(32): call_user_func()
#42 [internal function]: Illuminate\Routing\Pipeline->Illuminate\Routing\{closure}()
#43 /home/adesanoye/lampstack/frameworks/dailycare/vendor/laravel/framework/src/Illuminate/Pipeline/Pipeline.php(102): call_user_func()
#44 /home/adesanoye/lampstack/frameworks/dailycare/vendor/laravel/framework/src/Illuminate/Routing/Router.php(726): Illuminate\Pipeline\Pipeline->then()
#45 /home/adesanoye/lampstack/frameworks/dailycare/vendor/laravel/framework/src/Illuminate/Routing/Router.php(699): Illuminate\Routing\Router->runRouteWithinStack()
#46 /home/adesanoye/lampstack/frameworks/dailycare/vendor/laravel/framework/src/Illuminate/Routing/Router.php(675): Illuminate\Routing\Router->dispatchToRoute()
#47 /home/adesanoye/lampstack/frameworks/dailycare/vendor/laravel/framework/src/Illuminate/Foundation/Http/Kernel.php(246): Illuminate\Routing\Router->dispatch()
#48 [internal function]: Illuminate\Foundation\Http\Kernel->Illuminate\Foundation\Http\{closure}()
#49 /home/adesanoye/lampstack/frameworks/dailycare/vendor/laravel/framework/src/Illuminate/Routing/Pipeline.php(52): call_user_func()
#50 /home/adesanoye/lampstack/frameworks/dailycare/vendor/barryvdh/laravel-cors/src/HandleCors.php(34): Illuminate\Routing\Pipeline->Illuminate\Routing\{closure}()
#51 [internal function]: Barryvdh\Cors\HandleCors->handle()
#52 /home/adesanoye/lampstack/frameworks/dailycare/vendor/laravel/framework/src/Illuminate/Pipeline/Pipeline.php(124): call_user_func_array()
#53 [internal function]: Illuminate\Pipeline\Pipeline->Illuminate\Pipeline\{closure}()
#54 /home/adesanoye/lampstack/frameworks/dailycare/vendor/laravel/framework/src/Illuminate/Routing/Pipeline.php(32): call_user_func()
#55 /home/adesanoye/lampstack/frameworks/dailycare/vendor/laravel/framework/src/Illuminate/Foundation/Http/Middleware/CheckForMaintenanceMode.php(44): Illuminate\Routing\Pipeline->Illuminate\Routing\{closure}()
#56 [internal function]: Illuminate\Foundation\Http\Middleware\CheckForMaintenanceMode->handle()
#57 /home/adesanoye/lampstack/frameworks/dailycare/vendor/laravel/framework/src/Illuminate/Pipeline/Pipeline.php(124): call_user_func_array()
#58 [internal function]: Illuminate\Pipeline\Pipeline->Illuminate\Pipeline\{closure}()
#59 /home/adesanoye/lampstack/frameworks/dailycare/vendor/laravel/framework/src/Illuminate/Routing/Pipeline.php(32): call_user_func()
#60 [internal function]: Illuminate\Routing\Pipeline->Illuminate\Routing\{closure}()
#61 /home/adesanoye/lampstack/frameworks/dailycare/vendor/laravel/framework/src/Illuminate/Pipeline/Pipeline.php(102): call_user_func()
#62 /home/adesanoye/lampstack/frameworks/dailycare/vendor/laravel/framework/src/Illuminate/Foundation/Http/Kernel.php(132): Illuminate\Pipeline\Pipeline->then()
#63 /home/adesanoye/lampstack/frameworks/dailycare/vendor/laravel/framework/src/Illuminate/Foundation/Http/Kernel.php(99): Illuminate\Foundation\Http\Kernel->sendRequestThroughRouter()
#64 /home/adesanoye/lampstack/frameworks/dailycare/public/index.php(53): Illuminate\Foundation\Http\Kernel->handle()
#65 /home/adesanoye/lampstack/frameworks/dailycare/server.php(21): require_once('/home/adesanoye...')
#66 {main}  
[2021-07-15 16:03:27] local.ERROR: InvalidArgumentException: View [website4.front.home] not found. in /home/adesanoye/lampstack/frameworks/dailycare/vendor/laravel/framework/src/Illuminate/View/FileViewFinder.php:137
Stack trace:
#0 /home/adesanoye/lampstack/frameworks/dailycare/vendor/laravel/framework/src/Illuminate/View/FileViewFinder.php(79): Illuminate\View\FileViewFinder->findInPaths()
#1 /home/adesanoye/lampstack/frameworks/dailycare/vendor/laravel/framework/src/Illuminate/View/Factory.php(151): Illuminate\View\FileViewFinder->find()
#2 /home/adesanoye/lampstack/frameworks/dailycare/vendor/laravel/framework/src/Illuminate/Foundation/helpers.php(737): Illuminate\View\Factory->make()
#3 /home/adesanoye/lampstack/frameworks/dailycare/app/Http/routes.php(513): view()
#4 [internal function]: App\Providers\RouteServiceProvider->{closure}()
#5 /home/adesanoye/lampstack/frameworks/dailycare/vendor/laravel/framework/src/Illuminate/Routing/Route.php(158): call_user_func_array()
#6 /home/adesanoye/lampstack/frameworks/dailycare/vendor/laravel/framework/src/Illuminate/Routing/Route.php(137): Illuminate\Routing\Route->runCallable()
#7 /home/adesanoye/lampstack/frameworks/dailycare/vendor/laravel/framework/src/Illuminate/Routing/Router.php(724): Illuminate\Routing\Route->run()
#8 [internal function]: Illuminate\Routing\Router->Illuminate\Routing\{closure}()
#9 /home/adesanoye/lampstack/frameworks/dailycare/vendor/laravel/framework/src/Illuminate/Routing/Pipeline.php(52): call_user_func()
#10 /home/adesanoye/lampstack/frameworks/dailycare/app/Http/Middleware/Notificationmiddleware.php(32): Illuminate\Routing\Pipeline->Illuminate\Routing\{closure}()
#11 [internal function]: App\Http\Middleware\Notificationmiddleware->handle()
#12 /home/adesanoye/lampstack/frameworks/dailycare/vendor/laravel/framework/src/Illuminate/Pipeline/Pipeline.php(124): call_user_func_array()
#13 [internal function]: Illuminate\Pipeline\Pipeline->Illuminate\Pipeline\{closure}()
#14 /home/adesanoye/lampstack/frameworks/dailycare/vendor/laravel/framework/src/Illuminate/Routing/Pipeline.php(32): call_user_func()
#15 /home/adesanoye/lampstack/frameworks/dailycare/vendor/laravel/framework/src/Illuminate/Foundation/Http/Middleware/VerifyCsrfToken.php(64): Illuminate\Routing\Pipeline->Illuminate\Routing\{closure}()
#16 [internal function]: Illuminate\Foundation\Http\Middleware\VerifyCsrfToken->handle()
#17 /home/adesanoye/lampstack/frameworks/dailycare/vendor/laravel/framework/src/Illuminate/Pipeline/Pipeline.php(124): call_user_func_array()
#18 [internal function]: Illuminate\Pipeline\Pipeline->Illuminate\Pipeline\{closure}()
#19 /home/adesanoye/lampstack/frameworks/dailycare/vendor/laravel/framework/src/Illuminate/Routing/Pipeline.php(32): call_user_func()
#20 /home/adesanoye/lampstack/frameworks/dailycare/vendor/laravel/framework/src/Illuminate/View/Middleware/ShareErrorsFromSession.php(49): Illuminate\Routing\Pipeline->Illuminate\Routing\{closure}()
#21 [internal function]: Illuminate\View\Middleware\ShareErrorsFromSession->handle()
#22 /home/adesanoye/lampstack/frameworks/dailycare/vendor/laravel/framework/src/Illuminate/Pipeline/Pipeline.php(124): call_user_func_array()
#23 [internal function]: Illuminate\Pipeline\Pipeline->Illuminate\Pipeline\{closure}()
#24 /home/adesanoye/lampstack/frameworks/dailycare/vendor/laravel/framework/src/Illuminate/Routing/Pipeline.php(32): call_user_func()
#25 /home/adesanoye/lampstack/frameworks/dailycare/vendor/laravel/framework/src/Illuminate/Session/Middleware/StartSession.php(62): Illuminate\Routing\Pipeline->Illuminate\Routing\{closure}()
#26 [internal function]: Illuminate\Session\Middleware\StartSession->handle()
#27 /home/adesanoye/lampstack/frameworks/dailycare/vendor/laravel/framework/src/Illuminate/Pipeline/Pipeline.php(124): call_user_func_array()
#28 [internal function]: Illuminate\Pipeline\Pipeline->Illuminate\Pipeline\{closure}()
#29 /home/adesanoye/lampstack/frameworks/dailycare/vendor/laravel/framework/src/Illuminate/Routing/Pipeline.php(32): call_user_func()
#30 /home/adesanoye/lampstack/frameworks/dailycare/vendor/laravel/framework/src/Illuminate/Cookie/Middleware/AddQueuedCookiesToResponse.php(37): Illuminate\Routing\Pipeline->Illuminate\Routing\{closure}()
#31 [internal function]: Illuminate\Cookie\Middleware\AddQueuedCookiesToResponse->handle()
#32 /home/adesanoye/lampstack/frameworks/dailycare/vendor/laravel/framework/src/Illuminate/Pipeline/Pipeline.php(124): call_user_func_array()
#33 [internal function]: Illuminate\Pipeline\Pipeline->Illuminate\Pipeline\{closure}()
#34 /home/adesanoye/lampstack/frameworks/dailycare/vendor/laravel/framework/src/Illuminate/Routing/Pipeline.php(32): call_user_func()
#35 /home/adesanoye/lampstack/frameworks/dailycare/vendor/laravel/framework/src/Illuminate/Cookie/Middleware/EncryptCookies.php(59): Illuminate\Routing\Pipeline->Illuminate\Routing\{closure}()
#36 [internal function]: Illuminate\Cookie\Middleware\EncryptCookies->handle()
#37 /home/adesanoye/lampstack/frameworks/dailycare/vendor/laravel/framework/src/Illuminate/Pipeline/Pipeline.php(124): call_user_func_array()
#38 [internal function]: Illuminate\Pipeline\Pipeline->Illuminate\Pipeline\{closure}()
#39 /home/adesanoye/lampstack/frameworks/dailycare/vendor/laravel/framework/src/Illuminate/Routing/Pipeline.php(32): call_user_func()
#40 [internal function]: Illuminate\Routing\Pipeline->Illuminate\Routing\{closure}()
#41 /home/adesanoye/lampstack/frameworks/dailycare/vendor/laravel/framework/src/Illuminate/Pipeline/Pipeline.php(102): call_user_func()
#42 /home/adesanoye/lampstack/frameworks/dailycare/vendor/laravel/framework/src/Illuminate/Routing/Router.php(726): Illuminate\Pipeline\Pipeline->then()
#43 /home/adesanoye/lampstack/frameworks/dailycare/vendor/laravel/framework/src/Illuminate/Routing/Router.php(699): Illuminate\Routing\Router->runRouteWithinStack()
#44 /home/adesanoye/lampstack/frameworks/dailycare/vendor/laravel/framework/src/Illuminate/Routing/Router.php(675): Illuminate\Routing\Router->dispatchToRoute()
#45 /home/adesanoye/lampstack/frameworks/dailycare/vendor/laravel/framework/src/Illuminate/Foundation/Http/Kernel.php(246): Illuminate\Routing\Router->dispatch()
#46 [internal function]: Illuminate\Foundation\Http\Kernel->Illuminate\Foundation\Http\{closure}()
#47 /home/adesanoye/lampstack/frameworks/dailycare/vendor/laravel/framework/src/Illuminate/Routing/Pipeline.php(52): call_user_func()
#48 /home/adesanoye/lampstack/frameworks/dailycare/vendor/barryvdh/laravel-cors/src/HandleCors.php(34): Illuminate\Routing\Pipeline->Illuminate\Routing\{closure}()
#49 [internal function]: Barryvdh\Cors\HandleCors->handle()
#50 /home/adesanoye/lampstack/frameworks/dailycare/vendor/laravel/framework/src/Illuminate/Pipeline/Pipeline.php(124): call_user_func_array()
#51 [internal function]: Illuminate\Pipeline\Pipeline->Illuminate\Pipeline\{closure}()
#52 /home/adesanoye/lampstack/frameworks/dailycare/vendor/laravel/framework/src/Illuminate/Routing/Pipeline.php(32): call_user_func()
#53 /home/adesanoye/lampstack/frameworks/dailycare/vendor/laravel/framework/src/Illuminate/Foundation/Http/Middleware/CheckForMaintenanceMode.php(44): Illuminate\Routing\Pipeline->Illuminate\Routing\{closure}()
#54 [internal function]: Illuminate\Foundation\Http\Middleware\CheckForMaintenanceMode->handle()
#55 /home/adesanoye/lampstack/frameworks/dailycare/vendor/laravel/framework/src/Illuminate/Pipeline/Pipeline.php(124): call_user_func_array()
#56 [internal function]: Illuminate\Pipeline\Pipeline->Illuminate\Pipeline\{closure}()
#57 /home/adesanoye/lampstack/frameworks/dailycare/vendor/laravel/framework/src/Illuminate/Routing/Pipeline.php(32): call_user_func()
#58 [internal function]: Illuminate\Routing\Pipeline->Illuminate\Routing\{closure}()
#59 /home/adesanoye/lampstack/frameworks/dailycare/vendor/laravel/framework/src/Illuminate/Pipeline/Pipeline.php(102): call_user_func()
#60 /home/adesanoye/lampstack/frameworks/dailycare/vendor/laravel/framework/src/Illuminate/Foundation/Http/Kernel.php(132): Illuminate\Pipeline\Pipeline->then()
#61 /home/adesanoye/lampstack/frameworks/dailycare/vendor/laravel/framework/src/Illuminate/Foundation/Http/Kernel.php(99): Illuminate\Foundation\Http\Kernel->sendRequestThroughRouter()
#62 /home/adesanoye/lampstack/frameworks/dailycare/public/index.php(53): Illuminate\Foundation\Http\Kernel->handle()
#63 /home/adesanoye/lampstack/frameworks/dailycare/server.php(21): require_once('/home/adesanoye...')
#64 {main}  
[2021-07-15 16:27:13] local.ERROR: InvalidArgumentException: View [website4.front.about.index] not found. in /home/adesanoye/lampstack/frameworks/dailycare/vendor/laravel/framework/src/Illuminate/View/FileViewFinder.php:137
Stack trace:
#0 /home/adesanoye/lampstack/frameworks/dailycare/vendor/laravel/framework/src/Illuminate/View/FileViewFinder.php(79): Illuminate\View\FileViewFinder->findInPaths()
#1 /home/adesanoye/lampstack/frameworks/dailycare/vendor/laravel/framework/src/Illuminate/View/Factory.php(151): Illuminate\View\FileViewFinder->find()
#2 /home/adesanoye/lampstack/frameworks/dailycare/vendor/laravel/framework/src/Illuminate/Foundation/helpers.php(737): Illuminate\View\Factory->make()
#3 /home/adesanoye/lampstack/frameworks/dailycare/app/Http/routes.php(517): view()
#4 [internal function]: App\Providers\RouteServiceProvider->{closure}()
#5 /home/adesanoye/lampstack/frameworks/dailycare/vendor/laravel/framework/src/Illuminate/Routing/Route.php(158): call_user_func_array()
#6 /home/adesanoye/lampstack/frameworks/dailycare/vendor/laravel/framework/src/Illuminate/Routing/Route.php(137): Illuminate\Routing\Route->runCallable()
#7 /home/adesanoye/lampstack/frameworks/dailycare/vendor/laravel/framework/src/Illuminate/Routing/Router.php(724): Illuminate\Routing\Route->run()
#8 [internal function]: Illuminate\Routing\Router->Illuminate\Routing\{closure}()
#9 /home/adesanoye/lampstack/frameworks/dailycare/vendor/laravel/framework/src/Illuminate/Routing/Pipeline.php(52): call_user_func()
#10 /home/adesanoye/lampstack/frameworks/dailycare/app/Http/Middleware/Notificationmiddleware.php(32): Illuminate\Routing\Pipeline->Illuminate\Routing\{closure}()
#11 [internal function]: App\Http\Middleware\Notificationmiddleware->handle()
#12 /home/adesanoye/lampstack/frameworks/dailycare/vendor/laravel/framework/src/Illuminate/Pipeline/Pipeline.php(124): call_user_func_array()
#13 [internal function]: Illuminate\Pipeline\Pipeline->Illuminate\Pipeline\{closure}()
#14 /home/adesanoye/lampstack/frameworks/dailycare/vendor/laravel/framework/src/Illuminate/Routing/Pipeline.php(32): call_user_func()
#15 /home/adesanoye/lampstack/frameworks/dailycare/vendor/laravel/framework/src/Illuminate/Foundation/Http/Middleware/VerifyCsrfToken.php(64): Illuminate\Routing\Pipeline->Illuminate\Routing\{closure}()
#16 [internal function]: Illuminate\Foundation\Http\Middleware\VerifyCsrfToken->handle()
#17 /home/adesanoye/lampstack/frameworks/dailycare/vendor/laravel/framework/src/Illuminate/Pipeline/Pipeline.php(124): call_user_func_array()
#18 [internal function]: Illuminate\Pipeline\Pipeline->Illuminate\Pipeline\{closure}()
#19 /home/adesanoye/lampstack/frameworks/dailycare/vendor/laravel/framework/src/Illuminate/Routing/Pipeline.php(32): call_user_func()
#20 /home/adesanoye/lampstack/frameworks/dailycare/vendor/laravel/framework/src/Illuminate/View/Middleware/ShareErrorsFromSession.php(49): Illuminate\Routing\Pipeline->Illuminate\Routing\{closure}()
#21 [internal function]: Illuminate\View\Middleware\ShareErrorsFromSession->handle()
#22 /home/adesanoye/lampstack/frameworks/dailycare/vendor/laravel/framework/src/Illuminate/Pipeline/Pipeline.php(124): call_user_func_array()
#23 [internal function]: Illuminate\Pipeline\Pipeline->Illuminate\Pipeline\{closure}()
#24 /home/adesanoye/lampstack/frameworks/dailycare/vendor/laravel/framework/src/Illuminate/Routing/Pipeline.php(32): call_user_func()
#25 /home/adesanoye/lampstack/frameworks/dailycare/vendor/laravel/framework/src/Illuminate/Session/Middleware/StartSession.php(62): Illuminate\Routing\Pipeline->Illuminate\Routing\{closure}()
#26 [internal function]: Illuminate\Session\Middleware\StartSession->handle()
#27 /home/adesanoye/lampstack/frameworks/dailycare/vendor/laravel/framework/src/Illuminate/Pipeline/Pipeline.php(124): call_user_func_array()
#28 [internal function]: Illuminate\Pipeline\Pipeline->Illuminate\Pipeline\{closure}()
#29 /home/adesanoye/lampstack/frameworks/dailycare/vendor/laravel/framework/src/Illuminate/Routing/Pipeline.php(32): call_user_func()
#30 /home/adesanoye/lampstack/frameworks/dailycare/vendor/laravel/framework/src/Illuminate/Cookie/Middleware/AddQueuedCookiesToResponse.php(37): Illuminate\Routing\Pipeline->Illuminate\Routing\{closure}()
#31 [internal function]: Illuminate\Cookie\Middleware\AddQueuedCookiesToResponse->handle()
#32 /home/adesanoye/lampstack/frameworks/dailycare/vendor/laravel/framework/src/Illuminate/Pipeline/Pipeline.php(124): call_user_func_array()
#33 [internal function]: Illuminate\Pipeline\Pipeline->Illuminate\Pipeline\{closure}()
#34 /home/adesanoye/lampstack/frameworks/dailycare/vendor/laravel/framework/src/Illuminate/Routing/Pipeline.php(32): call_user_func()
#35 /home/adesanoye/lampstack/frameworks/dailycare/vendor/laravel/framework/src/Illuminate/Cookie/Middleware/EncryptCookies.php(59): Illuminate\Routing\Pipeline->Illuminate\Routing\{closure}()
#36 [internal function]: Illuminate\Cookie\Middleware\EncryptCookies->handle()
#37 /home/adesanoye/lampstack/frameworks/dailycare/vendor/laravel/framework/src/Illuminate/Pipeline/Pipeline.php(124): call_user_func_array()
#38 [internal function]: Illuminate\Pipeline\Pipeline->Illuminate\Pipeline\{closure}()
#39 /home/adesanoye/lampstack/frameworks/dailycare/vendor/laravel/framework/src/Illuminate/Routing/Pipeline.php(32): call_user_func()
#40 [internal function]: Illuminate\Routing\Pipeline->Illuminate\Routing\{closure}()
#41 /home/adesanoye/lampstack/frameworks/dailycare/vendor/laravel/framework/src/Illuminate/Pipeline/Pipeline.php(102): call_user_func()
#42 /home/adesanoye/lampstack/frameworks/dailycare/vendor/laravel/framework/src/Illuminate/Routing/Router.php(726): Illuminate\Pipeline\Pipeline->then()
#43 /home/adesanoye/lampstack/frameworks/dailycare/vendor/laravel/framework/src/Illuminate/Routing/Router.php(699): Illuminate\Routing\Router->runRouteWithinStack()
#44 /home/adesanoye/lampstack/frameworks/dailycare/vendor/laravel/framework/src/Illuminate/Routing/Router.php(675): Illuminate\Routing\Router->dispatchToRoute()
#45 /home/adesanoye/lampstack/frameworks/dailycare/vendor/laravel/framework/src/Illuminate/Foundation/Http/Kernel.php(246): Illuminate\Routing\Router->dispatch()
#46 [internal function]: Illuminate\Foundation\Http\Kernel->Illuminate\Foundation\Http\{closure}()
#47 /home/adesanoye/lampstack/frameworks/dailycare/vendor/laravel/framework/src/Illuminate/Routing/Pipeline.php(52): call_user_func()
#48 /home/adesanoye/lampstack/frameworks/dailycare/vendor/barryvdh/laravel-cors/src/HandleCors.php(34): Illuminate\Routing\Pipeline->Illuminate\Routing\{closure}()
#49 [internal function]: Barryvdh\Cors\HandleCors->handle()
#50 /home/adesanoye/lampstack/frameworks/dailycare/vendor/laravel/framework/src/Illuminate/Pipeline/Pipeline.php(124): call_user_func_array()
#51 [internal function]: Illuminate\Pipeline\Pipeline->Illuminate\Pipeline\{closure}()
#52 /home/adesanoye/lampstack/frameworks/dailycare/vendor/laravel/framework/src/Illuminate/Routing/Pipeline.php(32): call_user_func()
#53 /home/adesanoye/lampstack/frameworks/dailycare/vendor/laravel/framework/src/Illuminate/Foundation/Http/Middleware/CheckForMaintenanceMode.php(44): Illuminate\Routing\Pipeline->Illuminate\Routing\{closure}()
#54 [internal function]: Illuminate\Foundation\Http\Middleware\CheckForMaintenanceMode->handle()
#55 /home/adesanoye/lampstack/frameworks/dailycare/vendor/laravel/framework/src/Illuminate/Pipeline/Pipeline.php(124): call_user_func_array()
#56 [internal function]: Illuminate\Pipeline\Pipeline->Illuminate\Pipeline\{closure}()
#57 /home/adesanoye/lampstack/frameworks/dailycare/vendor/laravel/framework/src/Illuminate/Routing/Pipeline.php(32): call_user_func()
#58 [internal function]: Illuminate\Routing\Pipeline->Illuminate\Routing\{closure}()
#59 /home/adesanoye/lampstack/frameworks/dailycare/vendor/laravel/framework/src/Illuminate/Pipeline/Pipeline.php(102): call_user_func()
#60 /home/adesanoye/lampstack/frameworks/dailycare/vendor/laravel/framework/src/Illuminate/Foundation/Http/Kernel.php(132): Illuminate\Pipeline\Pipeline->then()
#61 /home/adesanoye/lampstack/frameworks/dailycare/vendor/laravel/framework/src/Illuminate/Foundation/Http/Kernel.php(99): Illuminate\Foundation\Http\Kernel->sendRequestThroughRouter()
#62 /home/adesanoye/lampstack/frameworks/dailycare/public/index.php(53): Illuminate\Foundation\Http\Kernel->handle()
#63 /home/adesanoye/lampstack/frameworks/dailycare/server.php(21): require_once('/home/adesanoye...')
#64 {main}  
[2021-07-15 16:27:23] local.ERROR: InvalidArgumentException: View [website4.front.home] not found. in /home/adesanoye/lampstack/frameworks/dailycare/vendor/laravel/framework/src/Illuminate/View/FileViewFinder.php:137
Stack trace:
#0 /home/adesanoye/lampstack/frameworks/dailycare/vendor/laravel/framework/src/Illuminate/View/FileViewFinder.php(79): Illuminate\View\FileViewFinder->findInPaths()
#1 /home/adesanoye/lampstack/frameworks/dailycare/vendor/laravel/framework/src/Illuminate/View/Factory.php(151): Illuminate\View\FileViewFinder->find()
#2 /home/adesanoye/lampstack/frameworks/dailycare/vendor/laravel/framework/src/Illuminate/Foundation/helpers.php(737): Illuminate\View\Factory->make()
#3 /home/adesanoye/lampstack/frameworks/dailycare/app/Http/routes.php(513): view()
#4 [internal function]: App\Providers\RouteServiceProvider->{closure}()
#5 /home/adesanoye/lampstack/frameworks/dailycare/vendor/laravel/framework/src/Illuminate/Routing/Route.php(158): call_user_func_array()
#6 /home/adesanoye/lampstack/frameworks/dailycare/vendor/laravel/framework/src/Illuminate/Routing/Route.php(137): Illuminate\Routing\Route->runCallable()
#7 /home/adesanoye/lampstack/frameworks/dailycare/vendor/laravel/framework/src/Illuminate/Routing/Router.php(724): Illuminate\Routing\Route->run()
#8 [internal function]: Illuminate\Routing\Router->Illuminate\Routing\{closure}()
#9 /home/adesanoye/lampstack/frameworks/dailycare/vendor/laravel/framework/src/Illuminate/Routing/Pipeline.php(52): call_user_func()
#10 /home/adesanoye/lampstack/frameworks/dailycare/app/Http/Middleware/Notificationmiddleware.php(32): Illuminate\Routing\Pipeline->Illuminate\Routing\{closure}()
#11 [internal function]: App\Http\Middleware\Notificationmiddleware->handle()
#12 /home/adesanoye/lampstack/frameworks/dailycare/vendor/laravel/framework/src/Illuminate/Pipeline/Pipeline.php(124): call_user_func_array()
#13 [internal function]: Illuminate\Pipeline\Pipeline->Illuminate\Pipeline\{closure}()
#14 /home/adesanoye/lampstack/frameworks/dailycare/vendor/laravel/framework/src/Illuminate/Routing/Pipeline.php(32): call_user_func()
#15 /home/adesanoye/lampstack/frameworks/dailycare/vendor/laravel/framework/src/Illuminate/Foundation/Http/Middleware/VerifyCsrfToken.php(64): Illuminate\Routing\Pipeline->Illuminate\Routing\{closure}()
#16 [internal function]: Illuminate\Foundation\Http\Middleware\VerifyCsrfToken->handle()
#17 /home/adesanoye/lampstack/frameworks/dailycare/vendor/laravel/framework/src/Illuminate/Pipeline/Pipeline.php(124): call_user_func_array()
#18 [internal function]: Illuminate\Pipeline\Pipeline->Illuminate\Pipeline\{closure}()
#19 /home/adesanoye/lampstack/frameworks/dailycare/vendor/laravel/framework/src/Illuminate/Routing/Pipeline.php(32): call_user_func()
#20 /home/adesanoye/lampstack/frameworks/dailycare/vendor/laravel/framework/src/Illuminate/View/Middleware/ShareErrorsFromSession.php(49): Illuminate\Routing\Pipeline->Illuminate\Routing\{closure}()
#21 [internal function]: Illuminate\View\Middleware\ShareErrorsFromSession->handle()
#22 /home/adesanoye/lampstack/frameworks/dailycare/vendor/laravel/framework/src/Illuminate/Pipeline/Pipeline.php(124): call_user_func_array()
#23 [internal function]: Illuminate\Pipeline\Pipeline->Illuminate\Pipeline\{closure}()
#24 /home/adesanoye/lampstack/frameworks/dailycare/vendor/laravel/framework/src/Illuminate/Routing/Pipeline.php(32): call_user_func()
#25 /home/adesanoye/lampstack/frameworks/dailycare/vendor/laravel/framework/src/Illuminate/Session/Middleware/StartSession.php(62): Illuminate\Routing\Pipeline->Illuminate\Routing\{closure}()
#26 [internal function]: Illuminate\Session\Middleware\StartSession->handle()
#27 /home/adesanoye/lampstack/frameworks/dailycare/vendor/laravel/framework/src/Illuminate/Pipeline/Pipeline.php(124): call_user_func_array()
#28 [internal function]: Illuminate\Pipeline\Pipeline->Illuminate\Pipeline\{closure}()
#29 /home/adesanoye/lampstack/frameworks/dailycare/vendor/laravel/framework/src/Illuminate/Routing/Pipeline.php(32): call_user_func()
#30 /home/adesanoye/lampstack/frameworks/dailycare/vendor/laravel/framework/src/Illuminate/Cookie/Middleware/AddQueuedCookiesToResponse.php(37): Illuminate\Routing\Pipeline->Illuminate\Routing\{closure}()
#31 [internal function]: Illuminate\Cookie\Middleware\AddQueuedCookiesToResponse->handle()
#32 /home/adesanoye/lampstack/frameworks/dailycare/vendor/laravel/framework/src/Illuminate/Pipeline/Pipeline.php(124): call_user_func_array()
#33 [internal function]: Illuminate\Pipeline\Pipeline->Illuminate\Pipeline\{closure}()
#34 /home/adesanoye/lampstack/frameworks/dailycare/vendor/laravel/framework/src/Illuminate/Routing/Pipeline.php(32): call_user_func()
#35 /home/adesanoye/lampstack/frameworks/dailycare/vendor/laravel/framework/src/Illuminate/Cookie/Middleware/EncryptCookies.php(59): Illuminate\Routing\Pipeline->Illuminate\Routing\{closure}()
#36 [internal function]: Illuminate\Cookie\Middleware\EncryptCookies->handle()
#37 /home/adesanoye/lampstack/frameworks/dailycare/vendor/laravel/framework/src/Illuminate/Pipeline/Pipeline.php(124): call_user_func_array()
#38 [internal function]: Illuminate\Pipeline\Pipeline->Illuminate\Pipeline\{closure}()
#39 /home/adesanoye/lampstack/frameworks/dailycare/vendor/laravel/framework/src/Illuminate/Routing/Pipeline.php(32): call_user_func()
#40 [internal function]: Illuminate\Routing\Pipeline->Illuminate\Routing\{closure}()
#41 /home/adesanoye/lampstack/frameworks/dailycare/vendor/laravel/framework/src/Illuminate/Pipeline/Pipeline.php(102): call_user_func()
#42 /home/adesanoye/lampstack/frameworks/dailycare/vendor/laravel/framework/src/Illuminate/Routing/Router.php(726): Illuminate\Pipeline\Pipeline->then()
#43 /home/adesanoye/lampstack/frameworks/dailycare/vendor/laravel/framework/src/Illuminate/Routing/Router.php(699): Illuminate\Routing\Router->runRouteWithinStack()
#44 /home/adesanoye/lampstack/frameworks/dailycare/vendor/laravel/framework/src/Illuminate/Routing/Router.php(675): Illuminate\Routing\Router->dispatchToRoute()
#45 /home/adesanoye/lampstack/frameworks/dailycare/vendor/laravel/framework/src/Illuminate/Foundation/Http/Kernel.php(246): Illuminate\Routing\Router->dispatch()
#46 [internal function]: Illuminate\Foundation\Http\Kernel->Illuminate\Foundation\Http\{closure}()
#47 /home/adesanoye/lampstack/frameworks/dailycare/vendor/laravel/framework/src/Illuminate/Routing/Pipeline.php(52): call_user_func()
#48 /home/adesanoye/lampstack/frameworks/dailycare/vendor/barryvdh/laravel-cors/src/HandleCors.php(34): Illuminate\Routing\Pipeline->Illuminate\Routing\{closure}()
#49 [internal function]: Barryvdh\Cors\HandleCors->handle()
#50 /home/adesanoye/lampstack/frameworks/dailycare/vendor/laravel/framework/src/Illuminate/Pipeline/Pipeline.php(124): call_user_func_array()
#51 [internal function]: Illuminate\Pipeline\Pipeline->Illuminate\Pipeline\{closure}()
#52 /home/adesanoye/lampstack/frameworks/dailycare/vendor/laravel/framework/src/Illuminate/Routing/Pipeline.php(32): call_user_func()
#53 /home/adesanoye/lampstack/frameworks/dailycare/vendor/laravel/framework/src/Illuminate/Foundation/Http/Middleware/CheckForMaintenanceMode.php(44): Illuminate\Routing\Pipeline->Illuminate\Routing\{closure}()
#54 [internal function]: Illuminate\Foundation\Http\Middleware\CheckForMaintenanceMode->handle()
#55 /home/adesanoye/lampstack/frameworks/dailycare/vendor/laravel/framework/src/Illuminate/Pipeline/Pipeline.php(124): call_user_func_array()
#56 [internal function]: Illuminate\Pipeline\Pipeline->Illuminate\Pipeline\{closure}()
#57 /home/adesanoye/lampstack/frameworks/dailycare/vendor/laravel/framework/src/Illuminate/Routing/Pipeline.php(32): call_user_func()
#58 [internal function]: Illuminate\Routing\Pipeline->Illuminate\Routing\{closure}()
#59 /home/adesanoye/lampstack/frameworks/dailycare/vendor/laravel/framework/src/Illuminate/Pipeline/Pipeline.php(102): call_user_func()
#60 /home/adesanoye/lampstack/frameworks/dailycare/vendor/laravel/framework/src/Illuminate/Foundation/Http/Kernel.php(132): Illuminate\Pipeline\Pipeline->then()
#61 /home/adesanoye/lampstack/frameworks/dailycare/vendor/laravel/framework/src/Illuminate/Foundation/Http/Kernel.php(99): Illuminate\Foundation\Http\Kernel->sendRequestThroughRouter()
#62 /home/adesanoye/lampstack/frameworks/dailycare/public/index.php(53): Illuminate\Foundation\Http\Kernel->handle()
#63 /home/adesanoye/lampstack/frameworks/dailycare/server.php(21): require_once('/home/adesanoye...')
#64 {main}  
[2021-07-15 16:42:47] local.ERROR: InvalidArgumentException: View [website4.front.home] not found. in /home/adesanoye/lampstack/frameworks/dailycare/vendor/laravel/framework/src/Illuminate/View/FileViewFinder.php:137
Stack trace:
#0 /home/adesanoye/lampstack/frameworks/dailycare/vendor/laravel/framework/src/Illuminate/View/FileViewFinder.php(79): Illuminate\View\FileViewFinder->findInPaths()
#1 /home/adesanoye/lampstack/frameworks/dailycare/vendor/laravel/framework/src/Illuminate/View/Factory.php(151): Illuminate\View\FileViewFinder->find()
#2 /home/adesanoye/lampstack/frameworks/dailycare/vendor/laravel/framework/src/Illuminate/Foundation/helpers.php(737): Illuminate\View\Factory->make()
#3 /home/adesanoye/lampstack/frameworks/dailycare/app/Http/routes.php(513): view()
#4 [internal function]: App\Providers\RouteServiceProvider->{closure}()
#5 /home/adesanoye/lampstack/frameworks/dailycare/vendor/laravel/framework/src/Illuminate/Routing/Route.php(158): call_user_func_array()
#6 /home/adesanoye/lampstack/frameworks/dailycare/vendor/laravel/framework/src/Illuminate/Routing/Route.php(137): Illuminate\Routing\Route->runCallable()
#7 /home/adesanoye/lampstack/frameworks/dailycare/vendor/laravel/framework/src/Illuminate/Routing/Router.php(724): Illuminate\Routing\Route->run()
#8 [internal function]: Illuminate\Routing\Router->Illuminate\Routing\{closure}()
#9 /home/adesanoye/lampstack/frameworks/dailycare/vendor/laravel/framework/src/Illuminate/Routing/Pipeline.php(52): call_user_func()
#10 /home/adesanoye/lampstack/frameworks/dailycare/app/Http/Middleware/Notificationmiddleware.php(32): Illuminate\Routing\Pipeline->Illuminate\Routing\{closure}()
#11 [internal function]: App\Http\Middleware\Notificationmiddleware->handle()
#12 /home/adesanoye/lampstack/frameworks/dailycare/vendor/laravel/framework/src/Illuminate/Pipeline/Pipeline.php(124): call_user_func_array()
#13 [internal function]: Illuminate\Pipeline\Pipeline->Illuminate\Pipeline\{closure}()
#14 /home/adesanoye/lampstack/frameworks/dailycare/vendor/laravel/framework/src/Illuminate/Routing/Pipeline.php(32): call_user_func()
#15 /home/adesanoye/lampstack/frameworks/dailycare/vendor/laravel/framework/src/Illuminate/Foundation/Http/Middleware/VerifyCsrfToken.php(64): Illuminate\Routing\Pipeline->Illuminate\Routing\{closure}()
#16 [internal function]: Illuminate\Foundation\Http\Middleware\VerifyCsrfToken->handle()
#17 /home/adesanoye/lampstack/frameworks/dailycare/vendor/laravel/framework/src/Illuminate/Pipeline/Pipeline.php(124): call_user_func_array()
#18 [internal function]: Illuminate\Pipeline\Pipeline->Illuminate\Pipeline\{closure}()
#19 /home/adesanoye/lampstack/frameworks/dailycare/vendor/laravel/framework/src/Illuminate/Routing/Pipeline.php(32): call_user_func()
#20 /home/adesanoye/lampstack/frameworks/dailycare/vendor/laravel/framework/src/Illuminate/View/Middleware/ShareErrorsFromSession.php(49): Illuminate\Routing\Pipeline->Illuminate\Routing\{closure}()
#21 [internal function]: Illuminate\View\Middleware\ShareErrorsFromSession->handle()
#22 /home/adesanoye/lampstack/frameworks/dailycare/vendor/laravel/framework/src/Illuminate/Pipeline/Pipeline.php(124): call_user_func_array()
#23 [internal function]: Illuminate\Pipeline\Pipeline->Illuminate\Pipeline\{closure}()
#24 /home/adesanoye/lampstack/frameworks/dailycare/vendor/laravel/framework/src/Illuminate/Routing/Pipeline.php(32): call_user_func()
#25 /home/adesanoye/lampstack/frameworks/dailycare/vendor/laravel/framework/src/Illuminate/Session/Middleware/StartSession.php(62): Illuminate\Routing\Pipeline->Illuminate\Routing\{closure}()
#26 [internal function]: Illuminate\Session\Middleware\StartSession->handle()
#27 /home/adesanoye/lampstack/frameworks/dailycare/vendor/laravel/framework/src/Illuminate/Pipeline/Pipeline.php(124): call_user_func_array()
#28 [internal function]: Illuminate\Pipeline\Pipeline->Illuminate\Pipeline\{closure}()
#29 /home/adesanoye/lampstack/frameworks/dailycare/vendor/laravel/framework/src/Illuminate/Routing/Pipeline.php(32): call_user_func()
#30 /home/adesanoye/lampstack/frameworks/dailycare/vendor/laravel/framework/src/Illuminate/Cookie/Middleware/AddQueuedCookiesToResponse.php(37): Illuminate\Routing\Pipeline->Illuminate\Routing\{closure}()
#31 [internal function]: Illuminate\Cookie\Middleware\AddQueuedCookiesToResponse->handle()
#32 /home/adesanoye/lampstack/frameworks/dailycare/vendor/laravel/framework/src/Illuminate/Pipeline/Pipeline.php(124): call_user_func_array()
#33 [internal function]: Illuminate\Pipeline\Pipeline->Illuminate\Pipeline\{closure}()
#34 /home/adesanoye/lampstack/frameworks/dailycare/vendor/laravel/framework/src/Illuminate/Routing/Pipeline.php(32): call_user_func()
#35 /home/adesanoye/lampstack/frameworks/dailycare/vendor/laravel/framework/src/Illuminate/Cookie/Middleware/EncryptCookies.php(59): Illuminate\Routing\Pipeline->Illuminate\Routing\{closure}()
#36 [internal function]: Illuminate\Cookie\Middleware\EncryptCookies->handle()
#37 /home/adesanoye/lampstack/frameworks/dailycare/vendor/laravel/framework/src/Illuminate/Pipeline/Pipeline.php(124): call_user_func_array()
#38 [internal function]: Illuminate\Pipeline\Pipeline->Illuminate\Pipeline\{closure}()
#39 /home/adesanoye/lampstack/frameworks/dailycare/vendor/laravel/framework/src/Illuminate/Routing/Pipeline.php(32): call_user_func()
#40 [internal function]: Illuminate\Routing\Pipeline->Illuminate\Routing\{closure}()
#41 /home/adesanoye/lampstack/frameworks/dailycare/vendor/laravel/framework/src/Illuminate/Pipeline/Pipeline.php(102): call_user_func()
#42 /home/adesanoye/lampstack/frameworks/dailycare/vendor/laravel/framework/src/Illuminate/Routing/Router.php(726): Illuminate\Pipeline\Pipeline->then()
#43 /home/adesanoye/lampstack/frameworks/dailycare/vendor/laravel/framework/src/Illuminate/Routing/Router.php(699): Illuminate\Routing\Router->runRouteWithinStack()
#44 /home/adesanoye/lampstack/frameworks/dailycare/vendor/laravel/framework/src/Illuminate/Routing/Router.php(675): Illuminate\Routing\Router->dispatchToRoute()
#45 /home/adesanoye/lampstack/frameworks/dailycare/vendor/laravel/framework/src/Illuminate/Foundation/Http/Kernel.php(246): Illuminate\Routing\Router->dispatch()
#46 [internal function]: Illuminate\Foundation\Http\Kernel->Illuminate\Foundation\Http\{closure}()
#47 /home/adesanoye/lampstack/frameworks/dailycare/vendor/laravel/framework/src/Illuminate/Routing/Pipeline.php(52): call_user_func()
#48 /home/adesanoye/lampstack/frameworks/dailycare/vendor/barryvdh/laravel-cors/src/HandleCors.php(34): Illuminate\Routing\Pipeline->Illuminate\Routing\{closure}()
#49 [internal function]: Barryvdh\Cors\HandleCors->handle()
#50 /home/adesanoye/lampstack/frameworks/dailycare/vendor/laravel/framework/src/Illuminate/Pipeline/Pipeline.php(124): call_user_func_array()
#51 [internal function]: Illuminate\Pipeline\Pipeline->Illuminate\Pipeline\{closure}()
#52 /home/adesanoye/lampstack/frameworks/dailycare/vendor/laravel/framework/src/Illuminate/Routing/Pipeline.php(32): call_user_func()
#53 /home/adesanoye/lampstack/frameworks/dailycare/vendor/laravel/framework/src/Illuminate/Foundation/Http/Middleware/CheckForMaintenanceMode.php(44): Illuminate\Routing\Pipeline->Illuminate\Routing\{closure}()
#54 [internal function]: Illuminate\Foundation\Http\Middleware\CheckForMaintenanceMode->handle()
#55 /home/adesanoye/lampstack/frameworks/dailycare/vendor/laravel/framework/src/Illuminate/Pipeline/Pipeline.php(124): call_user_func_array()
#56 [internal function]: Illuminate\Pipeline\Pipeline->Illuminate\Pipeline\{closure}()
#57 /home/adesanoye/lampstack/frameworks/dailycare/vendor/laravel/framework/src/Illuminate/Routing/Pipeline.php(32): call_user_func()
#58 [internal function]: Illuminate\Routing\Pipeline->Illuminate\Routing\{closure}()
#59 /home/adesanoye/lampstack/frameworks/dailycare/vendor/laravel/framework/src/Illuminate/Pipeline/Pipeline.php(102): call_user_func()
#60 /home/adesanoye/lampstack/frameworks/dailycare/vendor/laravel/framework/src/Illuminate/Foundation/Http/Kernel.php(132): Illuminate\Pipeline\Pipeline->then()
#61 /home/adesanoye/lampstack/frameworks/dailycare/vendor/laravel/framework/src/Illuminate/Foundation/Http/Kernel.php(99): Illuminate\Foundation\Http\Kernel->sendRequestThroughRouter()
#62 /home/adesanoye/lampstack/frameworks/dailycare/public/index.php(53): Illuminate\Foundation\Http\Kernel->handle()
#63 /home/adesanoye/lampstack/frameworks/dailycare/server.php(21): require_once('/home/adesanoye...')
#64 {main}  
[2021-07-16 08:30:40] local.ERROR: Symfony\Component\Debug\Exception\FatalThrowableError: Parse error: syntax error, unexpected 'front' (T_STRING), expecting ')' in /home/adesanoye/lampstack/frameworks/dailycare/storage/framework/views/bef79c15591a38866f39394182c311ebe2938353.php:197
Stack trace:
#0 /home/adesanoye/lampstack/frameworks/dailycare/vendor/laravel/framework/src/Illuminate/View/Engines/CompilerEngine.php(59): Illuminate\View\Engines\PhpEngine->evaluatePath()
#1 /home/adesanoye/lampstack/frameworks/dailycare/vendor/laravel/framework/src/Illuminate/View/View.php(147): Illuminate\View\Engines\CompilerEngine->get()
#2 /home/adesanoye/lampstack/frameworks/dailycare/vendor/laravel/framework/src/Illuminate/View/View.php(118): Illuminate\View\View->getContents()
#3 /home/adesanoye/lampstack/frameworks/dailycare/vendor/laravel/framework/src/Illuminate/View/View.php(83): Illuminate\View\View->renderContents()
#4 /home/adesanoye/lampstack/frameworks/dailycare/vendor/laravel/framework/src/Illuminate/Http/Response.php(53): Illuminate\View\View->render()
#5 /home/adesanoye/lampstack/frameworks/dailycare/vendor/symfony/http-foundation/Response.php(199): Illuminate\Http\Response->setContent()
#6 /home/adesanoye/lampstack/frameworks/dailycare/vendor/laravel/framework/src/Illuminate/Routing/Router.php(1087): Symfony\Component\HttpFoundation\Response->__construct()
#7 /home/adesanoye/lampstack/frameworks/dailycare/vendor/laravel/framework/src/Illuminate/Routing/Router.php(724): Illuminate\Routing\Router->prepareResponse()
#8 [internal function]: Illuminate\Routing\Router->Illuminate\Routing\{closure}()
#9 /home/adesanoye/lampstack/frameworks/dailycare/vendor/laravel/framework/src/Illuminate/Routing/Pipeline.php(52): call_user_func()
#10 /home/adesanoye/lampstack/frameworks/dailycare/app/Http/Middleware/Notificationmiddleware.php(32): Illuminate\Routing\Pipeline->Illuminate\Routing\{closure}()
#11 [internal function]: App\Http\Middleware\Notificationmiddleware->handle()
#12 /home/adesanoye/lampstack/frameworks/dailycare/vendor/laravel/framework/src/Illuminate/Pipeline/Pipeline.php(124): call_user_func_array()
#13 [internal function]: Illuminate\Pipeline\Pipeline->Illuminate\Pipeline\{closure}()
#14 /home/adesanoye/lampstack/frameworks/dailycare/vendor/laravel/framework/src/Illuminate/Routing/Pipeline.php(32): call_user_func()
#15 /home/adesanoye/lampstack/frameworks/dailycare/vendor/laravel/framework/src/Illuminate/Foundation/Http/Middleware/VerifyCsrfToken.php(64): Illuminate\Routing\Pipeline->Illuminate\Routing\{closure}()
#16 [internal function]: Illuminate\Foundation\Http\Middleware\VerifyCsrfToken->handle()
#17 /home/adesanoye/lampstack/frameworks/dailycare/vendor/laravel/framework/src/Illuminate/Pipeline/Pipeline.php(124): call_user_func_array()
#18 [internal function]: Illuminate\Pipeline\Pipeline->Illuminate\Pipeline\{closure}()
#19 /home/adesanoye/lampstack/frameworks/dailycare/vendor/laravel/framework/src/Illuminate/Routing/Pipeline.php(32): call_user_func()
#20 /home/adesanoye/lampstack/frameworks/dailycare/vendor/laravel/framework/src/Illuminate/View/Middleware/ShareErrorsFromSession.php(49): Illuminate\Routing\Pipeline->Illuminate\Routing\{closure}()
#21 [internal function]: Illuminate\View\Middleware\ShareErrorsFromSession->handle()
#22 /home/adesanoye/lampstack/frameworks/dailycare/vendor/laravel/framework/src/Illuminate/Pipeline/Pipeline.php(124): call_user_func_array()
#23 [internal function]: Illuminate\Pipeline\Pipeline->Illuminate\Pipeline\{closure}()
#24 /home/adesanoye/lampstack/frameworks/dailycare/vendor/laravel/framework/src/Illuminate/Routing/Pipeline.php(32): call_user_func()
#25 /home/adesanoye/lampstack/frameworks/dailycare/vendor/laravel/framework/src/Illuminate/Session/Middleware/StartSession.php(62): Illuminate\Routing\Pipeline->Illuminate\Routing\{closure}()
#26 [internal function]: Illuminate\Session\Middleware\StartSession->handle()
#27 /home/adesanoye/lampstack/frameworks/dailycare/vendor/laravel/framework/src/Illuminate/Pipeline/Pipeline.php(124): call_user_func_array()
#28 [internal function]: Illuminate\Pipeline\Pipeline->Illuminate\Pipeline\{closure}()
#29 /home/adesanoye/lampstack/frameworks/dailycare/vendor/laravel/framework/src/Illuminate/Routing/Pipeline.php(32): call_user_func()
#30 /home/adesanoye/lampstack/frameworks/dailycare/vendor/laravel/framework/src/Illuminate/Cookie/Middleware/AddQueuedCookiesToResponse.php(37): Illuminate\Routing\Pipeline->Illuminate\Routing\{closure}()
#31 [internal function]: Illuminate\Cookie\Middleware\AddQueuedCookiesToResponse->handle()
#32 /home/adesanoye/lampstack/frameworks/dailycare/vendor/laravel/framework/src/Illuminate/Pipeline/Pipeline.php(124): call_user_func_array()
#33 [internal function]: Illuminate\Pipeline\Pipeline->Illuminate\Pipeline\{closure}()
#34 /home/adesanoye/lampstack/frameworks/dailycare/vendor/laravel/framework/src/Illuminate/Routing/Pipeline.php(32): call_user_func()
#35 /home/adesanoye/lampstack/frameworks/dailycare/vendor/laravel/framework/src/Illuminate/Cookie/Middleware/EncryptCookies.php(59): Illuminate\Routing\Pipeline->Illuminate\Routing\{closure}()
#36 [internal function]: Illuminate\Cookie\Middleware\EncryptCookies->handle()
#37 /home/adesanoye/lampstack/frameworks/dailycare/vendor/laravel/framework/src/Illuminate/Pipeline/Pipeline.php(124): call_user_func_array()
#38 [internal function]: Illuminate\Pipeline\Pipeline->Illuminate\Pipeline\{closure}()
#39 /home/adesanoye/lampstack/frameworks/dailycare/vendor/laravel/framework/src/Illuminate/Routing/Pipeline.php(32): call_user_func()
#40 [internal function]: Illuminate\Routing\Pipeline->Illuminate\Routing\{closure}()
#41 /home/adesanoye/lampstack/frameworks/dailycare/vendor/laravel/framework/src/Illuminate/Pipeline/Pipeline.php(102): call_user_func()
#42 /home/adesanoye/lampstack/frameworks/dailycare/vendor/laravel/framework/src/Illuminate/Routing/Router.php(726): Illuminate\Pipeline\Pipeline->then()
#43 /home/adesanoye/lampstack/frameworks/dailycare/vendor/laravel/framework/src/Illuminate/Routing/Router.php(699): Illuminate\Routing\Router->runRouteWithinStack()
#44 /home/adesanoye/lampstack/frameworks/dailycare/vendor/laravel/framework/src/Illuminate/Routing/Router.php(675): Illuminate\Routing\Router->dispatchToRoute()
#45 /home/adesanoye/lampstack/frameworks/dailycare/vendor/laravel/framework/src/Illuminate/Foundation/Http/Kernel.php(246): Illuminate\Routing\Router->dispatch()
#46 [internal function]: Illuminate\Foundation\Http\Kernel->Illuminate\Foundation\Http\{closure}()
#47 /home/adesanoye/lampstack/frameworks/dailycare/vendor/laravel/framework/src/Illuminate/Routing/Pipeline.php(52): call_user_func()
#48 /home/adesanoye/lampstack/frameworks/dailycare/vendor/barryvdh/laravel-cors/src/HandleCors.php(34): Illuminate\Routing\Pipeline->Illuminate\Routing\{closure}()
#49 [internal function]: Barryvdh\Cors\HandleCors->handle()
#50 /home/adesanoye/lampstack/frameworks/dailycare/vendor/laravel/framework/src/Illuminate/Pipeline/Pipeline.php(124): call_user_func_array()
#51 [internal function]: Illuminate\Pipeline\Pipeline->Illuminate\Pipeline\{closure}()
#52 /home/adesanoye/lampstack/frameworks/dailycare/vendor/laravel/framework/src/Illuminate/Routing/Pipeline.php(32): call_user_func()
#53 /home/adesanoye/lampstack/frameworks/dailycare/vendor/laravel/framework/src/Illuminate/Foundation/Http/Middleware/CheckForMaintenanceMode.php(44): Illuminate\Routing\Pipeline->Illuminate\Routing\{closure}()
#54 [internal function]: Illuminate\Foundation\Http\Middleware\CheckForMaintenanceMode->handle()
#55 /home/adesanoye/lampstack/frameworks/dailycare/vendor/laravel/framework/src/Illuminate/Pipeline/Pipeline.php(124): call_user_func_array()
#56 [internal function]: Illuminate\Pipeline\Pipeline->Illuminate\Pipeline\{closure}()
#57 /home/adesanoye/lampstack/frameworks/dailycare/vendor/laravel/framework/src/Illuminate/Routing/Pipeline.php(32): call_user_func()
#58 [internal function]: Illuminate\Routing\Pipeline->Illuminate\Routing\{closure}()
#59 /home/adesanoye/lampstack/frameworks/dailycare/vendor/laravel/framework/src/Illuminate/Pipeline/Pipeline.php(102): call_user_func()
#60 /home/adesanoye/lampstack/frameworks/dailycare/vendor/laravel/framework/src/Illuminate/Foundation/Http/Kernel.php(132): Illuminate\Pipeline\Pipeline->then()
#61 /home/adesanoye/lampstack/frameworks/dailycare/vendor/laravel/framework/src/Illuminate/Foundation/Http/Kernel.php(99): Illuminate\Foundation\Http\Kernel->sendRequestThroughRouter()
#62 /home/adesanoye/lampstack/frameworks/dailycare/public/index.php(53): Illuminate\Foundation\Http\Kernel->handle()
#63 /home/adesanoye/lampstack/frameworks/dailycare/server.php(21): require_once('/home/adesanoye...')
#64 {main}

Next ErrorException: Parse error: syntax error, unexpected 'front' (T_STRING), expecting ')' (View: /home/adesanoye/lampstack/frameworks/dailycare/resources/views/website/pages/about.blade.php) in /home/adesanoye/lampstack/frameworks/dailycare/storage/framework/views/bef79c15591a38866f39394182c311ebe2938353.php:197
Stack trace:
#0 /home/adesanoye/lampstack/frameworks/dailycare/vendor/laravel/framework/src/Illuminate/View/Engines/PhpEngine.php(46): Illuminate\View\Engines\CompilerEngine->handleViewException()
#1 /home/adesanoye/lampstack/frameworks/dailycare/vendor/laravel/framework/src/Illuminate/View/Engines/CompilerEngine.php(59): Illuminate\View\Engines\PhpEngine->evaluatePath()
#2 /home/adesanoye/lampstack/frameworks/dailycare/vendor/laravel/framework/src/Illuminate/View/View.php(147): Illuminate\View\Engines\CompilerEngine->get()
#3 /home/adesanoye/lampstack/frameworks/dailycare/vendor/laravel/framework/src/Illuminate/View/View.php(118): Illuminate\View\View->getContents()
#4 /home/adesanoye/lampstack/frameworks/dailycare/vendor/laravel/framework/src/Illuminate/View/View.php(83): Illuminate\View\View->renderContents()
#5 /home/adesanoye/lampstack/frameworks/dailycare/vendor/laravel/framework/src/Illuminate/Http/Response.php(53): Illuminate\View\View->render()
#6 /home/adesanoye/lampstack/frameworks/dailycare/vendor/symfony/http-foundation/Response.php(199): Illuminate\Http\Response->setContent()
#7 /home/adesanoye/lampstack/frameworks/dailycare/vendor/laravel/framework/src/Illuminate/Routing/Router.php(1087): Symfony\Component\HttpFoundation\Response->__construct()
#8 /home/adesanoye/lampstack/frameworks/dailycare/vendor/laravel/framework/src/Illuminate/Routing/Router.php(724): Illuminate\Routing\Router->prepareResponse()
#9 [internal function]: Illuminate\Routing\Router->Illuminate\Routing\{closure}()
#10 /home/adesanoye/lampstack/frameworks/dailycare/vendor/laravel/framework/src/Illuminate/Routing/Pipeline.php(52): call_user_func()
#11 /home/adesanoye/lampstack/frameworks/dailycare/app/Http/Middleware/Notificationmiddleware.php(32): Illuminate\Routing\Pipeline->Illuminate\Routing\{closure}()
#12 [internal function]: App\Http\Middleware\Notificationmiddleware->handle()
#13 /home/adesanoye/lampstack/frameworks/dailycare/vendor/laravel/framework/src/Illuminate/Pipeline/Pipeline.php(124): call_user_func_array()
#14 [internal function]: Illuminate\Pipeline\Pipeline->Illuminate\Pipeline\{closure}()
#15 /home/adesanoye/lampstack/frameworks/dailycare/vendor/laravel/framework/src/Illuminate/Routing/Pipeline.php(32): call_user_func()
#16 /home/adesanoye/lampstack/frameworks/dailycare/vendor/laravel/framework/src/Illuminate/Foundation/Http/Middleware/VerifyCsrfToken.php(64): Illuminate\Routing\Pipeline->Illuminate\Routing\{closure}()
#17 [internal function]: Illuminate\Foundation\Http\Middleware\VerifyCsrfToken->handle()
#18 /home/adesanoye/lampstack/frameworks/dailycare/vendor/laravel/framework/src/Illuminate/Pipeline/Pipeline.php(124): call_user_func_array()
#19 [internal function]: Illuminate\Pipeline\Pipeline->Illuminate\Pipeline\{closure}()
#20 /home/adesanoye/lampstack/frameworks/dailycare/vendor/laravel/framework/src/Illuminate/Routing/Pipeline.php(32): call_user_func()
#21 /home/adesanoye/lampstack/frameworks/dailycare/vendor/laravel/framework/src/Illuminate/View/Middleware/ShareErrorsFromSession.php(49): Illuminate\Routing\Pipeline->Illuminate\Routing\{closure}()
#22 [internal function]: Illuminate\View\Middleware\ShareErrorsFromSession->handle()
#23 /home/adesanoye/lampstack/frameworks/dailycare/vendor/laravel/framework/src/Illuminate/Pipeline/Pipeline.php(124): call_user_func_array()
#24 [internal function]: Illuminate\Pipeline\Pipeline->Illuminate\Pipeline\{closure}()
#25 /home/adesanoye/lampstack/frameworks/dailycare/vendor/laravel/framework/src/Illuminate/Routing/Pipeline.php(32): call_user_func()
#26 /home/adesanoye/lampstack/frameworks/dailycare/vendor/laravel/framework/src/Illuminate/Session/Middleware/StartSession.php(62): Illuminate\Routing\Pipeline->Illuminate\Routing\{closure}()
#27 [internal function]: Illuminate\Session\Middleware\StartSession->handle()
#28 /home/adesanoye/lampstack/frameworks/dailycare/vendor/laravel/framework/src/Illuminate/Pipeline/Pipeline.php(124): call_user_func_array()
#29 [internal function]: Illuminate\Pipeline\Pipeline->Illuminate\Pipeline\{closure}()
#30 /home/adesanoye/lampstack/frameworks/dailycare/vendor/laravel/framework/src/Illuminate/Routing/Pipeline.php(32): call_user_func()
#31 /home/adesanoye/lampstack/frameworks/dailycare/vendor/laravel/framework/src/Illuminate/Cookie/Middleware/AddQueuedCookiesToResponse.php(37): Illuminate\Routing\Pipeline->Illuminate\Routing\{closure}()
#32 [internal function]: Illuminate\Cookie\Middleware\AddQueuedCookiesToResponse->handle()
#33 /home/adesanoye/lampstack/frameworks/dailycare/vendor/laravel/framework/src/Illuminate/Pipeline/Pipeline.php(124): call_user_func_array()
#34 [internal function]: Illuminate\Pipeline\Pipeline->Illuminate\Pipeline\{closure}()
#35 /home/adesanoye/lampstack/frameworks/dailycare/vendor/laravel/framework/src/Illuminate/Routing/Pipeline.php(32): call_user_func()
#36 /home/adesanoye/lampstack/frameworks/dailycare/vendor/laravel/framework/src/Illuminate/Cookie/Middleware/EncryptCookies.php(59): Illuminate\Routing\Pipeline->Illuminate\Routing\{closure}()
#37 [internal function]: Illuminate\Cookie\Middleware\EncryptCookies->handle()
#38 /home/adesanoye/lampstack/frameworks/dailycare/vendor/laravel/framework/src/Illuminate/Pipeline/Pipeline.php(124): call_user_func_array()
#39 [internal function]: Illuminate\Pipeline\Pipeline->Illuminate\Pipeline\{closure}()
#40 /home/adesanoye/lampstack/frameworks/dailycare/vendor/laravel/framework/src/Illuminate/Routing/Pipeline.php(32): call_user_func()
#41 [internal function]: Illuminate\Routing\Pipeline->Illuminate\Routing\{closure}()
#42 /home/adesanoye/lampstack/frameworks/dailycare/vendor/laravel/framework/src/Illuminate/Pipeline/Pipeline.php(102): call_user_func()
#43 /home/adesanoye/lampstack/frameworks/dailycare/vendor/laravel/framework/src/Illuminate/Routing/Router.php(726): Illuminate\Pipeline\Pipeline->then()
#44 /home/adesanoye/lampstack/frameworks/dailycare/vendor/laravel/framework/src/Illuminate/Routing/Router.php(699): Illuminate\Routing\Router->runRouteWithinStack()
#45 /home/adesanoye/lampstack/frameworks/dailycare/vendor/laravel/framework/src/Illuminate/Routing/Router.php(675): Illuminate\Routing\Router->dispatchToRoute()
#46 /home/adesanoye/lampstack/frameworks/dailycare/vendor/laravel/framework/src/Illuminate/Foundation/Http/Kernel.php(246): Illuminate\Routing\Router->dispatch()
#47 [internal function]: Illuminate\Foundation\Http\Kernel->Illuminate\Foundation\Http\{closure}()
#48 /home/adesanoye/lampstack/frameworks/dailycare/vendor/laravel/framework/src/Illuminate/Routing/Pipeline.php(52): call_user_func()
#49 /home/adesanoye/lampstack/frameworks/dailycare/vendor/barryvdh/laravel-cors/src/HandleCors.php(34): Illuminate\Routing\Pipeline->Illuminate\Routing\{closure}()
#50 [internal function]: Barryvdh\Cors\HandleCors->handle()
#51 /home/adesanoye/lampstack/frameworks/dailycare/vendor/laravel/framework/src/Illuminate/Pipeline/Pipeline.php(124): call_user_func_array()
#52 [internal function]: Illuminate\Pipeline\Pipeline->Illuminate\Pipeline\{closure}()
#53 /home/adesanoye/lampstack/frameworks/dailycare/vendor/laravel/framework/src/Illuminate/Routing/Pipeline.php(32): call_user_func()
#54 /home/adesanoye/lampstack/frameworks/dailycare/vendor/laravel/framework/src/Illuminate/Foundation/Http/Middleware/CheckForMaintenanceMode.php(44): Illuminate\Routing\Pipeline->Illuminate\Routing\{closure}()
#55 [internal function]: Illuminate\Foundation\Http\Middleware\CheckForMaintenanceMode->handle()
#56 /home/adesanoye/lampstack/frameworks/dailycare/vendor/laravel/framework/src/Illuminate/Pipeline/Pipeline.php(124): call_user_func_array()
#57 [internal function]: Illuminate\Pipeline\Pipeline->Illuminate\Pipeline\{closure}()
#58 /home/adesanoye/lampstack/frameworks/dailycare/vendor/laravel/framework/src/Illuminate/Routing/Pipeline.php(32): call_user_func()
#59 [internal function]: Illuminate\Routing\Pipeline->Illuminate\Routing\{closure}()
#60 /home/adesanoye/lampstack/frameworks/dailycare/vendor/laravel/framework/src/Illuminate/Pipeline/Pipeline.php(102): call_user_func()
#61 /home/adesanoye/lampstack/frameworks/dailycare/vendor/laravel/framework/src/Illuminate/Foundation/Http/Kernel.php(132): Illuminate\Pipeline\Pipeline->then()
#62 /home/adesanoye/lampstack/frameworks/dailycare/vendor/laravel/framework/src/Illuminate/Foundation/Http/Kernel.php(99): Illuminate\Foundation\Http\Kernel->sendRequestThroughRouter()
#63 /home/adesanoye/lampstack/frameworks/dailycare/public/index.php(53): Illuminate\Foundation\Http\Kernel->handle()
#64 /home/adesanoye/lampstack/frameworks/dailycare/server.php(21): require_once('/home/adesanoye...')
#65 {main}  
